# Server version 0.08 running on 142.157.99.94:8123
# Game ID: 152
# Board class: pentago_swap.PentagoBoard
# Timeout: 2000
# First Move Timeout: 30000
# Date: Tue Apr 09 17:00:47 EDT 2019
# Player 1: Player-0, '260720743', running on 142.157.99.94
# Player 2: Player-1, 'Human', running on 142.157.99.94
START Player-0 260720743
START Player-1 Human
1 1 TL TR 0
3 2 TR TL 1
1 4 TL TR 0
4 2 BR TL 1
1 1 TL TR 0
5 2 TL TR 1
4 1 TL TR 0
2 2 BR TL 1
2 2 TL TR 0
4 5 TR TL 1
3 3 TL TR 0
3 5 BR TL 1
GAMEOVER WINNER 1
# Game ended: Tue Apr 09 17:01:37 EDT 2019
