# Server version 0.08 running on 192.168.21.0:8123
# Game ID: 1508
# Board class: pentago_swap.PentagoBoard
# Timeout: 2000
# First Move Timeout: 30000
# Date: Wed Apr 10 19:52:10 EDT 2019
# Player 1: Player-0, 'RandomPlayer', running on localhost
# Player 2: Player-1, '260720743', running on localhost
START Player-0 RandomPlayer
START Player-1 260720743
3 2 TL TR 0
0 0 TL TR 1
2 2 TL TR 0
0 1 TL TR 1
3 1 TR BL 0
0 0 TL TR 1
2 4 TR BR 0
0 0 TL TR 1
0 1 TL BR 0
0 1 TL TR 1
2 0 TL BR 0
0 0 TL TR 1
4 3 TR BL 0
0 2 TL TR 1
2 3 TR BR 0
5 2 TR TL 1
1 1 TL BL 0
5 2 TR TL 1
4 4 TL TR 0
5 1 TR TL 1
1 4 TR BL 0
5 1 TR TL 1
2 3 TL BL 0
0 2 TL TR 1
2 2 TL BR 0
1 0 TL TR 1
GAMEOVER WINNER 0
# Game ended: Wed Apr 10 19:52:10 EDT 2019
