# Server version 0.08 running on 142.157.98.21:8123
# Game ID: 1152
# Board class: pentago_swap.PentagoBoard
# Timeout: 2000
# First Move Timeout: 30000
# Date: Wed Apr 10 17:19:04 EDT 2019
# Player 1: Player-0, 'RandomPlayer', running on localhost
# Player 2: Player-1, '260720743', running on localhost
START Player-0 RandomPlayer
START Player-1 260720743
4 5 TL TR 0
0 0 TL TR 1
0 2 BL BR 0
0 0 TL TR 1
3 5 TR BL 0
0 1 TL TR 1
3 3 TL BL 0
0 1 TL TR 1
1 5 TR BL 0
0 2 TL TR 1
5 2 TL BL 0
1 0 TL TR 1
GAMEOVER WINNER 1
# Game ended: Wed Apr 10 17:19:04 EDT 2019
