# Server version 0.08 running on 142.157.98.21:8123
# Game ID: 1047
# Board class: pentago_swap.PentagoBoard
# Timeout: 2000
# First Move Timeout: 30000
# Date: Wed Apr 10 17:03:55 EDT 2019
# Player 1: Player-0, 'RandomPlayer', running on localhost
# Player 2: Player-1, '260720743', running on localhost
START Player-0 RandomPlayer
START Player-1 260720743
4 3 TL BR 0
1 3 TR BL 1
1 4 TR BR 0
0 0 TR BR 1
5 3 BL BR 0
0 1 TL BL 1
2 4 TR BR 0
0 1 TR BL 1
3 1 BL BR 0
0 2 TR BL 1
2 1 TL BL 0
0 2 TL BL 1
0 5 TR BL 0
GAMEOVER WINNER 1
# Game ended: Wed Apr 10 17:03:55 EDT 2019
