# Server version 0.08 running on dhcp234253.rez.mcgill.ca:8123
# Game ID: 333
# Board class: pentago_swap.PentagoBoard
# Timeout: 2000
# First Move Timeout: 30000
# Date: Wed Apr 10 13:40:52 EDT 2019
# Player 1: Player-0, 'Human', running on dhcp234253.rez.mcgill.ca
# Player 2: Player-1, '260720743', running on dhcp234253.rez.mcgill.ca
START Player-0 Human
START Player-1 260720743
5 0 TL TR 0
0 0 TL TR 1
4 1 TL TR 0
0 1 TL TR 1
3 2 TL TR 0
0 2 TL TR 1
2 3 BR TL 0
0 0 TL TR 1
1 4 TL BR 0
0 0 TL TR 1
2 3 TL TR 0
0 1 TL TR 1
1 4 BR TL 0
GAMEOVER DRAW
# Game ended: Wed Apr 10 13:41:11 EDT 2019
