# Server version 0.08 running on dhcp234253.rez.mcgill.ca:8123
# Game ID: 344
# Board class: pentago_swap.PentagoBoard
# Timeout: 2000
# First Move Timeout: 30000
# Date: Wed Apr 10 13:50:55 EDT 2019
# Player 1: Player-0, '260720743', running on dhcp234253.rez.mcgill.ca
# Player 2: Player-1, 'Human', running on dhcp234253.rez.mcgill.ca
START Player-0 260720743
START Player-1 Human
0 0 TL TR 0
0 2 TL TR 1
0 1 TL TR 0
1 2 TL TR 1
0 2 TL TR 0
2 2 TL TR 1
0 3 TL BR 0
2 4 BR TL 1
0 4 TL BR 0
0 0 TL BR 1
GAMEOVER WINNER 0
# Game ended: Wed Apr 10 13:51:12 EDT 2019
