# Server version 0.08 running on 142.157.99.94:8123
# Game ID: 69
# Board class: pentago_swap.PentagoBoard
# Timeout: 2000
# First Move Timeout: 30000
# Date: Mon Apr 08 18:29:10 EDT 2019
# Player 1: Player-0, 'RandomPlayer', running on 142.157.99.94
# Player 2: Player-1, '260720743', running on 142.157.99.94
START Player-0 RandomPlayer
START Player-1 260720743
5 2 TR BR 0
2 0 TL TR 1
0 3 TL TR 0
3 0 BL BR 1
4 0 BL BR 0
3 5 BR BL 1
1 5 TL BL 0
2 0 TL TR 1
5 2 BL BR 0
3 5 BR BL 1
1 5 TL TR 0
2 3 TR TL 1
0 0 BL BR 0
0 1 TL TR 1
4 5 TR BR 0
3 5 BR BL 1
1 4 TL BR 0
0 1 TL TR 1
5 2 TR BR 0
0 1 TL TR 1
5 1 TL TR 0
0 3 TL TR 1
4 5 TR BR 0
2 3 TR TL 1
1 4 BL BR 0
0 2 TL TR 1
1 4 TR BR 0
GAMEOVER WINNER 1
# Game ended: Mon Apr 08 18:29:10 EDT 2019
