# Server version 0.08 running on 142.157.99.94:8123
# Game ID: 40
# Board class: pentago_swap.PentagoBoard
# Timeout: 2000
# First Move Timeout: 30000
# Date: Mon Apr 08 14:40:13 EDT 2019
# Player 1: Player-0, '260726480', running on 142.157.99.94
# Player 2: Player-1, 'Human', running on 142.157.99.94
START Player-0 260726480
START Player-1 Human
1 1 TL TR 0
3 3 BR BL 1
1 1 TL TR 0
3 1 BL BR 1
4 1 TL TR 0
3 5 BR BL 1
4 1 TL TR 0
3 3 BR BL 1
3 2 TL TR 0
5 3 BR BL 1
2 2 TL TR 0
2 3 TR TL 1
0 0 TL TR 0
GAMEOVER USER CANCEL UNDECIDED
# Game ended: Mon Apr 08 14:40:36 EDT 2019
