# Server version 0.08 running on 142.157.98.21:8123
# Game ID: 1204
# Board class: pentago_swap.PentagoBoard
# Timeout: 2000
# First Move Timeout: 30000
# Date: Wed Apr 10 17:20:36 EDT 2019
# Player 1: Player-0, 'RandomPlayer', running on localhost
# Player 2: Player-1, '260720743', running on localhost
START Player-0 RandomPlayer
START Player-1 260720743
4 2 TR BL 0
0 0 TL TR 1
0 5 TR BL 0
0 0 TL TR 1
3 5 TR BR 0
0 0 TL TR 1
3 1 TL BL 0
0 4 TL TR 1
4 1 TR BL 0
0 2 TL TR 1
1 4 TL TR 0
0 3 TL TR 1
5 2 TR BR 0
0 1 TL TR 1
5 4 TL BL 0
1 0 TL TR 1
3 1 TL BR 0
1 0 TL TR 1
2 3 TL TR 0
1 2 TL TR 1
2 1 TR BL 0
GAMEOVER WINNER 1
# Game ended: Wed Apr 10 17:20:36 EDT 2019
