# Server version 0.08 running on 142.157.60.108:8123
# Game ID: 2134
# Board class: pentago_swap.PentagoBoard
# Timeout: 2000
# First Move Timeout: 30000
# Date: Thu Apr 11 20:15:18 EDT 2019
# Player 1: Player-0, 'RandomPlayer', running on localhost
# Player 2: Player-1, '260720743', running on localhost
START Player-0 RandomPlayer
START Player-1 260720743
0 1 TL BL 0
0 0 TL TR 1
3 4 TL BL 0
0 0 TL TR 1
1 5 TR BR 0
0 1 TL TR 1
1 5 TL BR 0
0 2 TL TR 1
1 3 TL BR 0
0 0 TL TR 1
3 2 BL BR 0
0 5 TL TR 1
1 2 TL BL 0
0 2 TL TR 1
4 5 TL TR 0
1 0 TL TR 1
4 4 TR BR 0
0 3 TL TR 1
5 5 TR BR 0
0 1 TL TR 1
GAMEOVER WINNER 1
# Game ended: Thu Apr 11 20:15:18 EDT 2019
