# Server version 0.08 running on 142.157.99.94:8123
# Game ID: 153
# Board class: pentago_swap.PentagoBoard
# Timeout: 2000
# First Move Timeout: 30000
# Date: Tue Apr 09 17:08:46 EDT 2019
# Player 1: Player-0, '260720743', running on 142.157.99.94
# Player 2: Player-1, 'Human', running on 142.157.99.94
START Player-0 260720743
START Player-1 Human
5 2 TR BR 0
5 5 BR BL 1
0 3 TL TR 0
4 2 BL BR 1
3 4 BL BR 0
3 5 BR TL 1
1 5 TL BL 0
0 2 TR BR 1
5 3 BL BR 0
4 5 BR BL 1
GAMEOVER WINNER 1
# Game ended: Tue Apr 09 17:10:09 EDT 2019
