# Server version 0.08 running on 142.157.60.108:8123
# Game ID: 1890
# Board class: pentago_swap.PentagoBoard
# Timeout: 2000
# First Move Timeout: 30000
# Date: Thu Apr 11 19:23:30 EDT 2019
# Player 1: Player-0, 'RandomPlayer', running on localhost
# Player 2: Player-1, '260720743', running on localhost
START Player-0 RandomPlayer
START Player-1 260720743
2 3 TL TR 0
0 0 TL TR 1
2 5 TR BR 0
0 0 TL TR 1
3 4 TR BL 0
0 0 TL TR 1
0 4 TL TR 0
0 2 TL TR 1
1 2 BL BR 0
0 0 TL TR 1
4 4 BL BR 0
0 4 TL TR 1
2 2 TL BR 0
0 2 TL TR 1
1 3 TL BL 0
0 1 TL TR 1
2 1 TR BL 0
1 1 TL TR 1
5 4 TL TR 0
1 2 TL TR 1
2 0 TL TR 0
1 3 TL TR 1
2 1 TR BL 0
5 3 TL BL 1
4 4 TL BL 0
0 5 TL TR 1
4 3 BL BR 0
GAMEOVER WINNER 0
# Game ended: Thu Apr 11 19:23:30 EDT 2019
