# Server version 0.08 running on 192.168.21.0:8123
# Game ID: 1511
# Board class: pentago_swap.PentagoBoard
# Timeout: 2000
# First Move Timeout: 30000
# Date: Wed Apr 10 19:52:14 EDT 2019
# Player 1: Player-0, '260720743', running on localhost
# Player 2: Player-1, 'RandomPlayer', running on localhost
START Player-0 260720743
START Player-1 RandomPlayer
0 0 TL TR 0
5 0 TL BR 1
0 0 TL TR 0
0 4 BL BR 1
0 1 TL TR 0
2 2 TL BL 1
0 0 TL TR 0
1 3 TR BR 1
0 2 TL TR 0
5 1 TL BL 1
0 2 TL TR 0
2 3 TL TR 1
2 3 BR BL 0
5 0 TR BL 1
2 4 BR BL 0
5 1 TR BR 1
2 4 BR BL 0
3 1 TL BR 1
5 2 TR TL 0
0 4 TL BR 1
GAMEOVER WINNER 1
# Game ended: Wed Apr 10 19:52:14 EDT 2019
