# Server version 0.08 running on 192.168.21.0:8123
# Game ID: 1663
# Board class: pentago_swap.PentagoBoard
# Timeout: 2000
# First Move Timeout: 30000
# Date: Wed Apr 10 21:04:16 EDT 2019
# Player 1: Player-0, '260720743', running on localhost
# Player 2: Player-1, 'RandomPlayer', running on localhost
START Player-0 260720743
START Player-1 RandomPlayer
0 0 TL TR 0
2 0 TR BL 1
0 0 TL TR 0
4 1 TR BR 1
0 0 TL TR 0
5 1 TR BL 1
0 0 TL TR 0
1 4 TL BR 1
0 1 TL TR 0
3 5 TL BR 1
0 1 TL TR 0
5 0 TL BL 1
0 1 TL TR 0
2 2 TL BR 1
0 1 TL TR 0
2 3 TL BR 1
2 4 TL BL 0
1 5 TL BL 1
0 5 TL TR 0
GAMEOVER WINNER 0
# Game ended: Wed Apr 10 21:04:16 EDT 2019
