# Server version 0.08 running on 192.168.20.86:8123
# Game ID: 242
# Board class: pentago_swap.PentagoBoard
# Timeout: 2000
# First Move Timeout: 30000
# Date: Wed Apr 10 01:09:26 EDT 2019
# Player 1: Player-0, 'Human', running on 192.168.20.86
# Player 2: Player-1, '260720743', running on 192.168.20.86
START Player-0 Human
START Player-1 260720743
4 4 BR BL 0
0 0 TL TR 1
3 1 BL BR 0
0 0 TL TR 1
5 4 BR BL 0
0 1 TL TR 1
2 4 TR TL 0
0 2 TL TR 1
1 4 TR TL 0
GAMEOVER WINNER 0
# Game ended: Wed Apr 10 01:09:52 EDT 2019
