# Server version 0.08 running on 192.168.21.0:8123
# Game ID: 1667
# Board class: pentago_swap.PentagoBoard
# Timeout: 2000
# First Move Timeout: 30000
# Date: Wed Apr 10 21:04:21 EDT 2019
# Player 1: Player-0, '260720743', running on localhost
# Player 2: Player-1, 'RandomPlayer', running on localhost
START Player-0 260720743
START Player-1 RandomPlayer
0 0 TL TR 0
0 1 BL BR 1
0 0 TL TR 0
4 2 TL BL 1
0 0 TL TR 0
2 1 BL BR 1
0 2 TL TR 0
4 5 TL BL 1
0 0 TL TR 0
2 3 TL BR 1
4 5 TL BL 0
1 4 TL BR 1
0 4 TL TR 0
1 2 BL BR 1
0 2 TL TR 0
5 5 TL BL 1
0 1 TL TR 0
GAMEOVER WINNER 0
# Game ended: Wed Apr 10 21:04:21 EDT 2019
