# Server version 0.08 running on 142.157.98.21:8123
# Game ID: 1099
# Board class: pentago_swap.PentagoBoard
# Timeout: 2000
# First Move Timeout: 30000
# Date: Wed Apr 10 17:05:06 EDT 2019
# Player 1: Player-0, 'RandomPlayer', running on localhost
# Player 2: Player-1, '260720743', running on localhost
START Player-0 RandomPlayer
START Player-1 260720743
0 4 TL TR 0
2 0 TR BL 1
3 5 TR BL 0
0 2 TR BL 1
0 0 TR BL 0
2 3 TL TR 1
0 1 TR BR 0
0 0 BL BR 1
0 4 TR BL 0
0 2 TR BL 1
3 5 TR BL 0
1 0 TR BL 1
1 4 TL BR 0
0 0 TL BR 1
1 3 BL BR 0
0 3 TR BL 1
5 2 TL BR 0
0 4 TL BR 1
2 4 TR BR 0
1 1 TR BL 1
2 4 BL BR 0
1 2 TR BL 1
2 5 TL BR 0
1 0 TL BL 1
5 5 TR BL 0
GAMEOVER WINNER 1
# Game ended: Wed Apr 10 17:05:06 EDT 2019
