# Server version 0.08 running on 192.168.20.86:8123
# Game ID: 311
# Board class: pentago_swap.PentagoBoard
# Timeout: 2000
# First Move Timeout: 30000
# Date: Wed Apr 10 06:39:40 EDT 2019
# Player 1: Player-0, 'RandomPlayer', running on 192.168.20.86
# Player 2: Player-1, '260720743', running on 192.168.20.86
START Player-0 RandomPlayer
START Player-1 260720743
5 2 TR BR 0
0 0 TL TR 1
0 4 TL TR 0
0 2 TL TR 1
4 0 BL BR 0
0 0 TL TR 1
2 2 TL BL 0
0 0 TL TR 1
5 1 BL BR 0
0 1 TL TR 1
1 5 TL TR 0
0 2 TL TR 1
0 1 BL BR 0
0 2 TL TR 1
4 5 TR BR 0
0 3 TL TR 1
2 0 TL BR 0
5 4 TR TL 1
4 2 TR BR 0
4 5 TR BL 1
5 3 TL TR 0
1 0 TL TR 1
4 4 TR BR 0
1 0 TL TR 1
2 3 BL BR 0
1 0 TL TR 1
2 2 TR BR 0
5 4 TR TL 1
0 2 TL BL 0
GAMEOVER WINNER 0
# Game ended: Wed Apr 10 06:39:40 EDT 2019
