# Server version 0.08 running on 192.168.20.86:8123
# Game ID: 205
# Board class: pentago_swap.PentagoBoard
# Timeout: 2000
# First Move Timeout: 30000
# Date: Tue Apr 09 21:04:34 EDT 2019
# Player 1: Player-0, '260720743', running on 192.168.20.86
# Player 2: Player-1, 'Human', running on 192.168.20.86
START Player-0 260720743
START Player-1 Human
0 0 TL TR 0
3 0 BL BR 1
0 0 TL TR 0
3 4 BR BL 1
0 1 TL TR 0
3 2 BL BR 1
0 1 TL TR 0
3 2 BR BL 1
0 2 TL TR 0
3 4 BR BL 1
GAMEOVER WINNER 1
# Game ended: Tue Apr 09 21:05:37 EDT 2019
