# Server version 0.08 running on dhcp234253.rez.mcgill.ca:8123
# Game ID: 316
# Board class: pentago_swap.PentagoBoard
# Timeout: 2000
# First Move Timeout: 30000
# Date: Wed Apr 10 13:27:24 EDT 2019
# Player 1: Player-0, '260720743', running on dhcp234253.rez.mcgill.ca
# Player 2: Player-1, 'RandomPlayer', running on dhcp234253.rez.mcgill.ca
START Player-0 260720743
START Player-1 RandomPlayer
0 0 TL TR 0
0 1 TR BR 1
0 0 TL TR 0
3 2 TL TR 1
0 2 TL TR 0
2 0 BL BR 1
0 0 TL TR 0
4 0 TL BL 1
0 1 TL TR 0
5 4 BL BR 1
0 1 TL TR 0
4 0 TL TR 1
0 2 TL TR 0
1 4 BL BR 1
0 2 TL TR 0
GAMEOVER WINNER 0
# Game ended: Wed Apr 10 13:27:24 EDT 2019
