# Server version 0.08 running on 192.168.2.94:8123
# Game ID: 2180
# Board class: pentago_swap.PentagoBoard
# Timeout: 2000
# First Move Timeout: 30000
# Date: Mon Apr 15 00:08:04 EDT 2019
# Player 1: Player-0, 'RandomPlayer', running on localhost
# Player 2: Player-1, '260720743', running on localhost
START Player-0 RandomPlayer
START Player-1 260720743
1 3 TL BR 0
0 0 TL TR 1
1 1 TL BL 0
0 0 TL TR 1
2 4 TR BR 0
0 1 TL TR 1
1 3 TR BR 0
0 0 TL TR 1
0 1 BL BR 0
0 2 TL TR 1
3 2 TL BR 0
0 0 TL TR 1
5 3 TL BR 0
0 1 TL TR 1
0 5 BL BR 0
0 1 TL TR 1
4 5 TL TR 0
0 2 TL TR 1
5 0 TL BL 0
1 0 TL TR 1
5 2 BL BR 0
1 2 TL TR 1
1 1 TR BL 0
GAMEOVER WINNER 1
# Game ended: Mon Apr 15 00:08:04 EDT 2019
