# Server version 0.08 running on 192.168.21.0:8123
# Game ID: 1529
# Board class: pentago_swap.PentagoBoard
# Timeout: 2000
# First Move Timeout: 30000
# Date: Wed Apr 10 20:16:14 EDT 2019
# Player 1: Player-0, 'RandomPlayer', running on localhost
# Player 2: Player-1, '260720743', running on localhost
START Player-0 RandomPlayer
START Player-1 260720743
3 3 TL TR 0
2 3 TR BR 1
4 1 TL BR 0
4 0 TL BR 1
0 0 TR BR 0
2 0 TL BR 1
0 3 BL BR 0
3 3 TL TR 1
4 1 TL TR 0
5 3 TL BL 1
0 5 TL BL 0
0 1 TR BR 1
5 1 TL BL 0
5 0 TL BR 1
4 2 TR BL 0
2 1 TL BR 1
0 1 TR BR 0
1 0 TL BR 1
5 5 TL BL 0
1 2 TL TR 1
4 0 TR BL 0
0 1 TL BL 1
4 2 TR BR 0
5 2 TL BL 1
0 5 BL BR 0
GAMEOVER WINNER 1
# Game ended: Wed Apr 10 20:16:15 EDT 2019
