# Server version 0.08 running on 142.157.98.21:8123
# Game ID: 1250
# Board class: pentago_swap.PentagoBoard
# Timeout: 2000
# First Move Timeout: 30000
# Date: Wed Apr 10 17:21:33 EDT 2019
# Player 1: Player-0, 'RandomPlayer', running on localhost
# Player 2: Player-1, '260720743', running on localhost
START Player-0 RandomPlayer
START Player-1 260720743
1 3 TL BR 0
0 0 TL TR 1
0 5 TR BR 0
0 0 TL TR 1
0 5 TL BL 0
0 0 TL TR 1
2 4 TR BL 0
0 1 TL TR 1
4 1 TL TR 0
0 3 TL TR 1
2 4 TR BL 0
0 1 TL TR 1
4 5 TL BL 0
0 5 TL TR 1
GAMEOVER WINNER 1
# Game ended: Wed Apr 10 17:21:33 EDT 2019
