# Server version 0.08 running on 142.157.98.21:8123
# Game ID: 469
# Board class: pentago_swap.PentagoBoard
# Timeout: 2000
# First Move Timeout: 30000
# Date: Wed Apr 10 15:55:46 EDT 2019
# Player 1: Player-0, '260720743', running on localhost
# Player 2: Player-1, 'RandomPlayer', running on localhost
START Player-0 260720743
START Player-1 RandomPlayer
0 0 TL BL 0
2 0 TL BL 1
0 1 TL BL 0
5 2 TR BL 1
0 0 TL BL 0
0 1 TR BL 1
4 0 TL BR 0
0 5 BL BR 1
0 0 TL BL 0
1 0 TR BR 1
4 0 TL TR 0
5 5 BL BR 1
0 2 TL BR 0
0 5 TL TR 1
1 1 TL BL 0
1 5 TL BR 1
0 4 TL BR 0
0 1 TL TR 1
0 2 TL TR 0
3 0 TR BL 1
GAMEOVER DRAW
# Game ended: Wed Apr 10 15:55:46 EDT 2019
