# Server version 0.08 running on 142.157.99.94:8123
# Game ID: 36
# Board class: pentago_swap.PentagoBoard
# Timeout: 2000
# First Move Timeout: 30000
# Date: Mon Apr 08 14:39:10 EDT 2019
# Player 1: Player-0, 'Human', running on 142.157.99.94
# Player 2: Player-1, '260726480', running on 142.157.99.94
START Player-0 Human
START Player-1 260726480
5 2 BL BR 0
1 1 TL TR 1
5 4 BR BL 0
1 1 TL TR 1
5 0 BL BR 0
4 1 TL TR 1
5 2 BL BR 0
4 1 TL TR 1
5 4 BR BL 0
GAMEOVER WINNER 0
# Game ended: Mon Apr 08 14:39:19 EDT 2019
