# Server version 0.08 running on 142.157.98.21:8123
# Game ID: 411
# Board class: pentago_swap.PentagoBoard
# Timeout: 2000
# First Move Timeout: 30000
# Date: Wed Apr 10 15:40:25 EDT 2019
# Player 1: Player-0, 'RandomPlayer', running on localhost
# Player 2: Player-1, '260720743', running on localhost
START Player-0 RandomPlayer
START Player-1 260720743
0 5 TL TR 0
0 0 TL TR 1
5 5 TL BR 0
0 0 TL TR 1
1 2 TL BR 0
0 0 TL TR 1
4 3 TR BR 0
0 1 TL TR 1
4 3 TL BL 0
0 0 TL TR 1
2 3 TL TR 0
0 1 TL TR 1
0 2 BL BR 0
0 5 TL TR 1
GAMEOVER WINNER 1
# Game ended: Wed Apr 10 15:40:25 EDT 2019
