# Server version 0.08 running on 142.157.99.94:8123
# Game ID: 43
# Board class: pentago_swap.PentagoBoard
# Timeout: 2000
# First Move Timeout: 30000
# Date: Mon Apr 08 14:51:19 EDT 2019
# Player 1: Player-0, 'Human', running on 142.157.99.94
# Player 2: Player-1, '260720743', running on 142.157.99.94
START Player-0 Human
START Player-1 260720743
5 4 BR BL 0
2 0 TL TR 1
5 2 BL BR 0
2 0 TL TR 1
5 3 BR BL 0
3 0 BL BR 1
5 2 BL BR 0
3 5 BR BL 1
5 1 BL BR 0
0 5 TR BR 1
GAMEOVER USER CANCEL UNDECIDED
# Game ended: Mon Apr 08 14:51:48 EDT 2019
