# Server version 0.08 running on 142.157.60.108:8123
# Game ID: 2125
# Board class: pentago_swap.PentagoBoard
# Timeout: 2000
# First Move Timeout: 30000
# Date: Thu Apr 11 20:15:07 EDT 2019
# Player 1: Player-0, '260720743', running on localhost
# Player 2: Player-1, 'RandomPlayer', running on localhost
START Player-0 260720743
START Player-1 RandomPlayer
0 0 TL TR 0
4 5 BL BR 1
0 0 TL TR 0
0 1 TL BR 1
0 0 TL TR 0
0 1 BL BR 1
0 2 TL TR 0
5 3 TL TR 1
0 4 TL TR 0
0 2 TL BR 1
0 0 TL TR 0
2 1 TR BR 1
1 0 TL TR 0
2 2 BL BR 1
1 0 TL TR 0
1 4 TL BR 1
0 2 TL TR 0
1 5 TL BR 1
1 1 TL TR 0
2 1 TL BL 1
0 1 TL TR 0
2 2 TL TR 1
5 3 TL BL 0
5 1 TL TR 1
1 2 TL TR 0
5 2 BL BR 1
1 0 TL TR 0
2 0 TL BL 1
GAMEOVER DRAW
# Game ended: Thu Apr 11 20:15:07 EDT 2019
