# Server version 0.08 running on 142.157.60.108:8123
# Game ID: 1792
# Board class: pentago_swap.PentagoBoard
# Timeout: 2000
# First Move Timeout: 30000
# Date: Thu Apr 11 17:37:18 EDT 2019
# Player 1: Player-0, 'RandomPlayer', running on localhost
# Player 2: Player-1, '260720743', running on localhost
START Player-0 RandomPlayer
START Player-1 260720743
4 2 TR BR 0
0 0 TL TR 1
3 4 TR BL 0
0 0 TL TR 1
3 1 TR BL 0
0 0 TL TR 1
4 5 TR BR 0
0 2 TL TR 1
1 3 TL BR 0
0 1 TL TR 1
3 5 TL BR 0
0 0 TL TR 1
5 1 TL BR 0
1 1 TL TR 1
1 0 TR BL 0
0 4 TL TR 1
5 3 TL BL 0
1 2 TL TR 1
4 2 BL BR 0
1 1 TL TR 1
4 4 TL TR 0
2 0 TL TR 1
2 2 TR BL 0
5 2 TR BR 1
2 1 TL TR 0
0 2 TL TR 1
4 4 TL BL 0
5 4 TL BL 1
1 3 TL BL 0
2 1 TL TR 1
4 3 TL BL 0
GAMEOVER DRAW
# Game ended: Thu Apr 11 17:37:18 EDT 2019
