# Server version 0.08 running on 142.157.99.94:8123
# Game ID: 10
# Board class: pentago_swap.PentagoBoard
# Timeout: 2000
# First Move Timeout: 30000
# Date: Mon Apr 08 12:58:53 EDT 2019
# Player 1: Player-0, 'Human', running on 142.157.99.94
# Player 2: Player-1, 'RandomPlayer', running on 142.157.99.94
START Player-0 Human
START Player-1 RandomPlayer
5 0 BL BR 0
0 1 TR BR 1
0 5 TL BR 0
3 2 TL TR 1
1 1 TL BL 0
1 4 BL BR 1
3 3 TL BR 0
4 0 TL BL 1
0 2 TL TR 0
5 4 BL BR 1
5 5 BR TL 0
3 5 TL TR 1
5 3 BR TL 0
1 2 BL BR 1
0 0 TL BL 0
5 2 TR BR 1
4 3 BR TR 0
2 0 TL BR 1
4 0 BL BR 0
GAMEOVER WINNER 0
# Game ended: Mon Apr 08 13:01:03 EDT 2019
