# Server version 0.08 running on 192.168.21.0:8123
# Game ID: 1579
# Board class: pentago_swap.PentagoBoard
# Timeout: 2000
# First Move Timeout: 30000
# Date: Wed Apr 10 20:22:01 EDT 2019
# Player 1: Player-0, 'RandomPlayer', running on 192.168.21.0
# Player 2: Player-1, '260720743', running on 192.168.21.0
START Player-0 RandomPlayer
START Player-1 260720743
5 2 TR BR 0
1 1 TL TR 1
0 3 TL TR 0
1 4 TL TR 1
4 0 BL BR 0
4 1 TL TR 1
2 1 TL BL 0
4 4 TL TR 1
5 2 BL BR 0
0 0 TL TR 1
1 5 TL TR 0
0 1 TL TR 1
0 0 BL BR 0
0 1 TL TR 1
4 5 TR BR 0
0 2 TL TR 1
2 1 TL BR 0
0 2 TL TR 1
4 2 TR BR 0
GAMEOVER WINNER 0
# Game ended: Wed Apr 10 20:22:01 EDT 2019
