# Server version 0.08 running on 192.168.20.86:8123
# Game ID: 263
# Board class: pentago_swap.PentagoBoard
# Timeout: 2000
# First Move Timeout: 30000
# Date: Wed Apr 10 02:50:57 EDT 2019
# Player 1: Player-0, 'Human', running on 192.168.20.86
# Player 2: Player-1, '260720743', running on 192.168.20.86
START Player-0 Human
START Player-1 260720743
1 1 TR BR 0
0 0 TL TR 1
2 4 TL BL 0
0 0 TL TR 1
3 1 TR BR 0
4 1 TR BR 1
2 2 TR BR 0
5 1 TR BR 1
2 3 BR BL 0
2 4 BR BL 1
1 2 BR BL 0
2 5 BR BL 1
1 3 BR BL 0
1 4 BR BL 1
5 5 TR BL 0
0 1 TL TR 1
3 1 TL BR 0
0 0 TL TR 1
2 3 BR BL 0
0 2 TL TR 1
2 3 BL BR 0
0 1 TL TR 1
GAMEOVER WINNER 1
# Game ended: Wed Apr 10 02:53:15 EDT 2019
