# Server version 0.08 running on 192.168.20.86:8123
# Game ID: 261
# Board class: pentago_swap.PentagoBoard
# Timeout: 2000
# First Move Timeout: 30000
# Date: Wed Apr 10 02:44:34 EDT 2019
# Player 1: Player-0, '260720743', running on 192.168.20.86
# Player 2: Player-1, 'Human', running on 192.168.20.86
START Player-0 260720743
START Player-1 Human
0 0 TL TR 0
5 0 BL BR 1
0 0 TL TR 0
5 4 BR BL 1
0 1 TL TR 0
5 2 BL BR 1
5 2 TR TL 0
2 2 TL BL 1
5 1 TR TL 0
2 1 TL BL 1
5 2 TR TL 0
2 0 TL TR 1
5 0 TR TL 0
2 1 TL TR 1
2 0 BR BL 0
4 4 BL TL 1
GAMEOVER WINNER 1
# Game ended: Wed Apr 10 02:45:11 EDT 2019
