# Server version 0.08 running on 142.157.98.21:8123
# Game ID: 449
# Board class: pentago_swap.PentagoBoard
# Timeout: 2000
# First Move Timeout: 30000
# Date: Wed Apr 10 15:48:48 EDT 2019
# Player 1: Player-0, 'RandomPlayer', running on 142.157.98.21
# Player 2: Player-1, '260720743', running on 142.157.98.21
START Player-0 RandomPlayer
START Player-1 260720743
2 5 TL BR 0
0 0 TL BL 1
0 3 TR BL 0
0 0 TL BL 1
2 4 TL BR 0
0 0 TL BR 1
1 3 TL BR 0
0 1 TL BR 1
0 4 TL BR 0
0 2 TL BR 1
2 1 TR BL 0
0 1 TR BR 1
5 5 TL BR 0
0 1 TL BR 1
5 3 TL BL 0
0 2 TL BL 1
4 1 TL TR 0
0 5 TL TR 1
GAMEOVER WINNER 1
# Game ended: Wed Apr 10 15:48:48 EDT 2019
