# Server version 0.08 running on 192.168.2.94:8123
# Game ID: 2187
# Board class: pentago_swap.PentagoBoard
# Timeout: 2000
# First Move Timeout: 30000
# Date: Mon Apr 15 00:08:13 EDT 2019
# Player 1: Player-0, '260720743', running on localhost
# Player 2: Player-1, 'RandomPlayer', running on localhost
START Player-0 260720743
START Player-1 RandomPlayer
0 0 TL TR 0
0 5 TL BL 1
0 0 TL TR 0
2 3 TL BL 1
0 0 TL TR 0
0 4 TR BR 1
0 1 TL TR 0
4 3 TL BL 1
0 1 TL TR 0
5 1 TL BR 1
0 2 TL TR 0
2 3 TR BL 1
0 3 TL TR 0
4 2 TL BR 1
5 3 TL BL 0
3 4 TR BL 1
0 5 TL TR 0
5 1 TL BR 1
0 2 TL TR 0
1 4 TL BR 1
4 4 TL BL 0
1 0 TL TR 1
1 0 TL TR 0
2 2 TL BL 1
1 0 TL TR 0
2 2 TR BR 1
4 1 TR BR 0
1 2 TR BR 1
2 4 TL TR 0
GAMEOVER WINNER 0
# Game ended: Mon Apr 15 00:08:13 EDT 2019
