# Server version 0.08 running on 192.168.21.0:8123
# Game ID: 1533
# Board class: pentago_swap.PentagoBoard
# Timeout: 2000
# First Move Timeout: 30000
# Date: Wed Apr 10 20:16:19 EDT 2019
# Player 1: Player-0, 'RandomPlayer', running on localhost
# Player 2: Player-1, '260720743', running on localhost
START Player-0 RandomPlayer
START Player-1 260720743
2 1 TR BR 0
5 0 TL BL 1
5 3 BL BR 0
2 5 BL BR 1
3 2 TR BL 0
1 2 TL BL 1
0 4 BL BR 0
3 5 TR BR 1
0 1 TR BL 0
3 3 TL BL 1
0 1 TL BL 0
2 1 TL BL 1
1 5 TL BL 0
5 5 TL TR 1
4 0 TL TR 0
2 5 TR BL 1
4 3 TR BR 0
3 1 TL BR 1
4 0 TL BR 0
5 5 TL TR 1
1 5 TR BR 0
4 3 TL BR 1
4 5 TL TR 0
1 1 TL BL 1
0 3 TL TR 0
GAMEOVER WINNER 0
# Game ended: Wed Apr 10 20:16:20 EDT 2019
