# Server version 0.08 running on 142.157.98.21:8123
# Game ID: 1153
# Board class: pentago_swap.PentagoBoard
# Timeout: 2000
# First Move Timeout: 30000
# Date: Wed Apr 10 17:19:05 EDT 2019
# Player 1: Player-0, '260720743', running on localhost
# Player 2: Player-1, 'RandomPlayer', running on localhost
START Player-0 260720743
START Player-1 RandomPlayer
0 0 TL TR 0
1 3 BL BR 1
0 0 TL TR 0
0 4 TL BR 1
0 0 TL TR 0
4 5 TR BL 1
0 2 TL TR 0
3 4 TL TR 1
0 3 TL TR 0
5 2 TL BL 1
0 1 TL TR 0
5 0 TL TR 1
0 2 TL TR 0
2 1 TR BR 1
0 5 TL TR 0
1 3 TL TR 1
1 1 TL TR 0
5 4 BL BR 1
1 1 TL TR 0
2 5 TL BR 1
0 1 TL TR 0
0 5 TL BR 1
1 2 TL TR 0
2 1 TL TR 1
1 3 TL TR 0
1 2 TR BR 1
1 1 TL TR 0
5 5 TL BR 1
2 0 TL TR 0
5 4 TR BL 1
1 3 TL TR 0
GAMEOVER WINNER 0
# Game ended: Wed Apr 10 17:19:05 EDT 2019
