# Server version 0.08 running on 192.168.21.0:8123
# Game ID: 1520
# Board class: pentago_swap.PentagoBoard
# Timeout: 2000
# First Move Timeout: 30000
# Date: Wed Apr 10 20:15:21 EDT 2019
# Player 1: Player-0, '260720743', running on 192.168.21.0
# Player 2: Player-1, 'Human', running on 192.168.21.0
START Player-0 260720743
START Player-1 Human
5 5 TL BL 0
2 1 TL TR 1
1 5 BL BR 0
2 5 TR TL 1
2 4 TL BL 0
5 0 TR TL 1
1 5 TL BL 0
2 3 BL BR 1
0 0 TL BL 0
2 4 TR BR 1
GAMEOVER WINNER 1
# Game ended: Wed Apr 10 20:15:39 EDT 2019
