# Server version 0.08 running on 142.157.60.108:8123
# Game ID: 2120
# Board class: pentago_swap.PentagoBoard
# Timeout: 2000
# First Move Timeout: 30000
# Date: Thu Apr 11 20:15:00 EDT 2019
# Player 1: Player-0, 'RandomPlayer', running on localhost
# Player 2: Player-1, '260720743', running on localhost
START Player-0 RandomPlayer
START Player-1 260720743
3 1 BL BR 0
0 0 TL TR 1
5 3 TL BR 0
0 0 TL TR 1
0 5 TL TR 0
0 4 TL TR 1
3 2 TR BR 0
0 2 TL TR 1
5 4 TL BR 0
1 0 TL TR 1
1 4 TR BR 0
0 3 TL TR 1
1 1 TL BL 0
0 0 TL TR 1
2 0 TL BR 0
3 1 TR BR 1
5 0 TR BR 0
5 1 TR BR 1
1 5 TL BR 0
2 4 TL BL 1
4 0 TL BL 0
0 1 TL TR 1
GAMEOVER WINNER 1
# Game ended: Thu Apr 11 20:15:01 EDT 2019
