# Server version 0.08 running on 142.157.98.21:8123
# Game ID: 951
# Board class: pentago_swap.PentagoBoard
# Timeout: 2000
# First Move Timeout: 30000
# Date: Wed Apr 10 16:50:24 EDT 2019
# Player 1: Player-0, '260720743', running on 142.157.98.21
# Player 2: Player-1, 'RandomPlayer', running on 142.157.98.21
START Player-0 260720743
START Player-1 RandomPlayer
2 0 TR BL 0
0 0 TL BL 1
0 0 TR BR 0
0 3 TL BR 1
0 0 TL BR 0
5 3 TL BR 1
0 1 TL BR 0
0 1 TL BL 1
0 1 TL BL 0
4 0 TR BL 1
4 0 TL TR 0
4 3 TR BR 1
0 2 TR BR 0
5 2 TL BR 1
0 2 TL BR 0
1 4 TL TR 1
0 2 TL TR 0
4 2 TL TR 1
1 0 TL TR 0
5 4 TL TR 1
1 2 TL TR 0
5 1 TL TR 1
1 4 TL TR 0
3 1 TR BL 1
0 5 TL BR 0
5 1 BL BR 1
1 1 TR BL 0
5 0 TL TR 1
GAMEOVER WINNER 0
# Game ended: Wed Apr 10 16:50:24 EDT 2019
