# Server version 0.08 running on 192.168.21.0:8123
# Game ID: 1313
# Board class: pentago_swap.PentagoBoard
# Timeout: 2000
# First Move Timeout: 30000
# Date: Wed Apr 10 19:14:22 EDT 2019
# Player 1: Player-0, '260720743', running on localhost
# Player 2: Player-1, 'RandomPlayer', running on localhost
START Player-0 260720743
START Player-1 RandomPlayer
0 0 TL TR 0
1 4 TL BL 1
0 0 TL TR 0
2 2 BL BR 1
0 1 TL TR 0
4 1 TL BL 1
0 0 TL TR 0
3 1 TR BL 1
0 2 TL TR 0
3 1 TR BR 1
0 2 TL TR 0
1 3 TR BL 1
0 0 TL TR 0
2 1 BL BR 1
0 2 TL TR 0
1 1 TL BR 1
1 1 TL TR 0
5 3 TL BR 1
0 1 TL TR 0
4 2 BL BR 1
0 5 TL TR 0
4 2 TR BR 1
GAMEOVER WINNER 0
# Game ended: Wed Apr 10 19:14:22 EDT 2019
