# Server version 0.08 running on 192.168.21.0:8123
# Game ID: 1531
# Board class: pentago_swap.PentagoBoard
# Timeout: 2000
# First Move Timeout: 30000
# Date: Wed Apr 10 20:16:17 EDT 2019
# Player 1: Player-0, 'RandomPlayer', running on localhost
# Player 2: Player-1, '260720743', running on localhost
START Player-0 RandomPlayer
START Player-1 260720743
1 3 TL TR 0
1 5 TL BL 1
0 0 BL BR 0
3 4 TL TR 1
5 4 TR BR 0
5 1 TL BR 1
3 5 BL BR 0
5 5 TR BL 1
3 3 TL TR 0
0 0 TL BL 1
5 1 BL BR 0
1 4 TL BR 1
2 4 BL BR 0
2 5 TR BL 1
3 1 TR BL 0
1 3 TR BL 1
1 1 TR BR 0
4 5 TR BR 1
4 4 TR BR 0
5 3 TR BR 1
1 0 TR BL 0
1 5 TL BL 1
0 0 BL BR 0
3 4 TL BL 1
5 2 BL BR 0
0 5 TL BR 1
4 3 TR BR 0
1 5 TR BR 1
0 2 TR BL 0
2 5 BL BR 1
GAMEOVER WINNER 1
# Game ended: Wed Apr 10 20:16:17 EDT 2019
