# Server version 0.08 running on 142.157.99.94:8123
# Game ID: 13
# Board class: pentago_swap.PentagoBoard
# Timeout: 2000
# First Move Timeout: 30000
# Date: Mon Apr 08 13:15:08 EDT 2019
# Player 1: Player-0, 'Human', running on 142.157.99.94
# Player 2: Player-1, '260720743', running on 142.157.99.94
START Player-0 Human
START Player-1 260720743
5 4 BR BL 0
1 1 TL TR 1
4 2 BL BR 0
1 1 TL TR 1
4 4 BR BL 0
2 3 TR BR 1
3 2 BL BR 0
0 5 TL TR 1
3 4 BR BL 0
1 1 TL TR 1
GAMEOVER USER CANCEL UNDECIDED
# Game ended: Mon Apr 08 13:16:17 EDT 2019
