# Server version 0.08 running on 192.168.20.86:8123
# Game ID: 254
# Board class: pentago_swap.PentagoBoard
# Timeout: 2000
# First Move Timeout: 30000
# Date: Wed Apr 10 01:53:00 EDT 2019
# Player 1: Player-0, '260720743', running on 192.168.20.86
# Player 2: Player-1, 'Human', running on 192.168.20.86
START Player-0 260720743
START Player-1 Human
0 0 TL TR 0
2 4 BL TL 1
0 0 TL TR 0
3 1 TR BR 1
0 1 TL TR 0
1 4 TR TL 1
4 1 TR BR 0
1 2 TR BR 1
5 1 TR BR 0
0 2 TR BR 1
0 3 TL TR 0
3 4 TL BL 1
4 4 TL BL 0
2 5 TL BL 1
5 4 TL BL 0
3 2 TL BL 1
0 0 TL TR 0
3 2 TR BR 1
4 2 TR BR 0
3 1 TR BR 1
4 1 TR BR 0
GAMEOVER USER CANCEL UNDECIDED
# Game ended: Wed Apr 10 01:53:46 EDT 2019
