# Server version 0.08 running on 142.157.98.21:8123
# Game ID: 691
# Board class: pentago_swap.PentagoBoard
# Timeout: 2000
# First Move Timeout: 30000
# Date: Wed Apr 10 16:12:24 EDT 2019
# Player 1: Player-0, '260720743', running on localhost
# Player 2: Player-1, 'RandomPlayer', running on localhost
START Player-0 260720743
START Player-1 RandomPlayer
0 0 TL BL 0
1 1 BL BR 1
0 0 TL BL 0
2 2 TL BL 1
0 1 TL BL 0
1 3 BL BR 1
0 0 TR BL 0
0 5 TL BL 1
0 0 TL BL 0
2 3 BL BR 1
0 1 TL TR 0
3 5 TR BL 1
0 1 TL BR 0
2 4 BL BR 1
0 5 TR BR 0
1 3 TL TR 1
4 0 TL BL 0
2 3 TR BL 1
0 5 TR BL 0
GAMEOVER WINNER 0
# Game ended: Wed Apr 10 16:12:24 EDT 2019
