# Server version 0.08 running on 142.157.60.108:8123
# Game ID: 2002
# Board class: pentago_swap.PentagoBoard
# Timeout: 2000
# First Move Timeout: 30000
# Date: Thu Apr 11 19:27:15 EDT 2019
# Player 1: Player-0, 'RandomPlayer', running on localhost
# Player 2: Player-1, '260720743', running on localhost
START Player-0 RandomPlayer
START Player-1 260720743
1 1 TL BR 0
0 0 TL TR 1
3 5 TL TR 0
0 1 TL TR 1
1 0 TL BL 0
0 0 TL TR 1
3 2 TR BR 0
0 2 TL TR 1
1 5 TL BL 0
0 0 TL TR 1
3 0 TL BR 0
0 1 TL TR 1
1 4 TR BL 0
0 1 TL TR 1
2 2 TR BR 0
0 1 TL TR 1
4 2 BL BR 0
1 0 TL TR 1
4 1 TL BL 0
1 2 TL TR 1
GAMEOVER WINNER 1
# Game ended: Thu Apr 11 19:27:15 EDT 2019
