# Server version 0.08 running on 142.157.60.108:8123
# Game ID: 2113
# Board class: pentago_swap.PentagoBoard
# Timeout: 2000
# First Move Timeout: 30000
# Date: Thu Apr 11 20:14:52 EDT 2019
# Player 1: Player-0, '260720743', running on localhost
# Player 2: Player-1, 'RandomPlayer', running on localhost
START Player-0 260720743
START Player-1 RandomPlayer
0 0 TL TR 0
0 1 TR BL 1
0 0 TL TR 0
5 1 TR BR 1
0 0 TL TR 0
0 2 TR BR 1
0 0 TL TR 0
2 1 TR BL 1
0 2 TL TR 0
5 4 TL TR 1
0 4 TL TR 0
4 1 TR BL 1
0 2 TL TR 0
4 5 TR BL 1
0 1 TL TR 0
4 4 TR BR 1
GAMEOVER WINNER 0
# Game ended: Thu Apr 11 20:14:52 EDT 2019
