# Server version 0.08 running on 142.157.98.21:8123
# Game ID: 1255
# Board class: pentago_swap.PentagoBoard
# Timeout: 2000
# First Move Timeout: 30000
# Date: Wed Apr 10 17:21:39 EDT 2019
# Player 1: Player-0, '260720743', running on localhost
# Player 2: Player-1, 'RandomPlayer', running on localhost
START Player-0 260720743
START Player-1 RandomPlayer
0 0 TL TR 0
1 5 BL BR 1
0 0 TL TR 0
0 1 TL TR 1
0 1 TL TR 0
5 5 BL BR 1
0 2 TL TR 0
3 3 TL TR 1
0 5 TL TR 0
4 2 TL BR 1
0 1 TL TR 0
4 4 TR BR 1
1 0 TL TR 0
2 0 TR BL 1
0 3 TL TR 0
5 3 TR BR 1
0 1 TL TR 0
5 1 TR BR 1
0 2 TL TR 0
4 4 TL TR 1
GAMEOVER WINNER 0
# Game ended: Wed Apr 10 17:21:40 EDT 2019
