# Server version 0.08 running on 192.168.20.86:8123
# Game ID: 200
# Board class: pentago_swap.PentagoBoard
# Timeout: 2000
# First Move Timeout: 30000
# Date: Tue Apr 09 20:57:00 EDT 2019
# Player 1: Player-0, '260720743', running on 192.168.20.86
# Player 2: Player-1, 'Human', running on 192.168.20.86
START Player-0 260720743
START Player-1 Human
5 2 TR BR 0
1 5 TR BR 1
0 3 TL TR 0
5 4 BR BL 1
3 4 BL BR 0
2 3 TR TL 1
1 5 TL BL 0
4 1 BL TR 1
5 2 BL BR 0
3 2 BL TL 1
1 5 TL TR 0
1 4 TL BL 1
0 0 BL BR 0
2 3 BR BL 1
5 1 TR BR 0
3 2 BR TR 1
GAMEOVER WINNER 1
# Game ended: Tue Apr 09 20:57:35 EDT 2019
