# Server version 0.08 running on 142.157.98.21:8123
# Game ID: 1188
# Board class: pentago_swap.PentagoBoard
# Timeout: 2000
# First Move Timeout: 30000
# Date: Wed Apr 10 17:19:49 EDT 2019
# Player 1: Player-0, 'RandomPlayer', running on localhost
# Player 2: Player-1, '260720743', running on localhost
START Player-0 RandomPlayer
START Player-1 260720743
5 0 TR BR 0
0 0 TL TR 1
3 2 TL TR 0
0 1 TL TR 1
0 5 TR BL 0
0 0 TL TR 1
3 3 TL BR 0
0 1 TL TR 1
2 2 TL BR 0
0 0 TL TR 1
4 3 TL TR 0
0 1 TL TR 1
2 5 TL BR 0
0 1 TL TR 1
1 2 TL BR 0
0 2 TL TR 1
0 2 TR BL 0
1 1 TL TR 1
2 2 TL BR 0
1 0 TL TR 1
2 1 TL BR 0
1 0 TL TR 1
4 5 TR BL 0
1 1 TL TR 1
GAMEOVER WINNER 0
# Game ended: Wed Apr 10 17:19:49 EDT 2019
