# Server version 0.08 running on 192.168.20.86:8123
# Game ID: 267
# Board class: pentago_swap.PentagoBoard
# Timeout: 2000
# First Move Timeout: 30000
# Date: Wed Apr 10 03:18:37 EDT 2019
# Player 1: Player-0, '260720743', running on 192.168.20.86
# Player 2: Player-1, 'Human', running on 192.168.20.86
START Player-0 260720743
START Player-1 Human
0 0 TL TR 0
3 5 BR BL 1
0 0 TL TR 0
4 2 BL BR 1
0 1 TL TR 0
5 5 BR BL 1
2 2 TR BR 0
2 5 TR BR 1
0 1 TL TR 0
4 5 BR TL 1
GAMEOVER WINNER 1
# Game ended: Wed Apr 10 03:18:47 EDT 2019
