# Server version 0.08 running on 192.168.20.86:8123
# Game ID: 229
# Board class: pentago_swap.PentagoBoard
# Timeout: 2000
# First Move Timeout: 30000
# Date: Tue Apr 09 23:18:44 EDT 2019
# Player 1: Player-0, '260720743', running on 192.168.20.86
# Player 2: Player-1, 'Human', running on 192.168.20.86
START Player-0 260720743
START Player-1 Human
0 0 TL TR 0
3 1 BL BR 1
0 0 TL TR 0
4 4 BR BL 1
0 1 TL TR 0
5 1 BL BR 1
2 4 TL BL 0
2 1 TL TR 1
GAMEOVER ILLEGAL MOVE: Player 0, Move: (2, 4), Swap: (TL, BL) WINNER 1
# Game ended: Tue Apr 09 23:18:57 EDT 2019
