# Server version 0.08 running on 142.157.98.21:8123
# Game ID: 1072
# Board class: pentago_swap.PentagoBoard
# Timeout: 2000
# First Move Timeout: 30000
# Date: Wed Apr 10 17:04:27 EDT 2019
# Player 1: Player-0, '260720743', running on localhost
# Player 2: Player-1, 'RandomPlayer', running on localhost
START Player-0 260720743
START Player-1 RandomPlayer
2 0 TR BL 0
1 5 TR BR 1
0 1 TR BL 0
1 1 TR BL 1
0 2 TR BL 0
4 0 TR BR 1
0 3 TR BL 0
5 5 TL BR 1
0 0 TL BR 0
0 0 TL TR 1
1 3 TL TR 0
5 1 BL BR 1
0 3 TR BL 0
5 1 TL TR 1
0 1 TL TR 0
1 4 TR BL 1
0 4 TR BL 0
2 2 TR BR 1
0 4 TR BL 0
3 5 TL BR 1
GAMEOVER WINNER 1
# Game ended: Wed Apr 10 17:04:27 EDT 2019
