# Server version 0.08 running on dhcp234253.rez.mcgill.ca:8123
# Game ID: 339
# Board class: pentago_swap.PentagoBoard
# Timeout: 2000
# First Move Timeout: 30000
# Date: Wed Apr 10 13:48:13 EDT 2019
# Player 1: Player-0, '260720743', running on dhcp234253.rez.mcgill.ca
# Player 2: Player-1, 'Human', running on dhcp234253.rez.mcgill.ca
START Player-0 260720743
START Player-1 Human
5 2 TR BR 0
2 0 TL TR 1
0 3 TL TR 0
2 1 TL TR 1
4 0 BL BR 0
2 5 TR TL 1
1 5 TL BL 0
5 3 TR TL 1
4 4 BL BR 0
4 4 TL BL 1
1 4 TL TR 0
3 4 TR BL 1
0 0 BL BR 0
2 1 TR BR 1
4 4 TR BR 0
2 4 TR TL 1
1 0 TL BR 0
GAMEOVER USER CANCEL UNDECIDED
# Game ended: Wed Apr 10 13:48:38 EDT 2019
