# Server version 0.08 running on 142.157.99.94:8123
# Game ID: 67
# Board class: pentago_swap.PentagoBoard
# Timeout: 2000
# First Move Timeout: 30000
# Date: Mon Apr 08 18:28:34 EDT 2019
# Player 1: Player-0, 'Human', running on 142.157.99.94
# Player 2: Player-1, '260720743', running on 142.157.99.94
START Player-0 Human
START Player-1 260720743
3 3 BR TL 0
2 0 TL TR 1
1 4 TR BL 0
2 0 TL TR 1
5 2 BL BR 0
3 5 BR BL 1
2 2 BR TL 0
0 0 TL TR 1
3 3 TL BR 0
2 0 TL TR 1
1 4 TR TL 0
0 1 TL TR 1
4 2 BL BR 0
0 1 TL TR 1
GAMEOVER WINNER 0
# Game ended: Mon Apr 08 18:28:56 EDT 2019
