# Server version 0.08 running on 142.157.98.21:8123
# Game ID: 760
# Board class: pentago_swap.PentagoBoard
# Timeout: 2000
# First Move Timeout: 30000
# Date: Wed Apr 10 16:13:53 EDT 2019
# Player 1: Player-0, 'RandomPlayer', running on localhost
# Player 2: Player-1, '260720743', running on localhost
START Player-0 RandomPlayer
START Player-1 260720743
3 5 TL TR 0
0 0 TL BL 1
0 4 TL TR 0
4 0 TL TR 1
4 5 BL BR 0
0 0 TL BL 1
0 0 TL TR 0
0 2 BL BR 1
3 2 TR BL 0
0 4 TR BL 1
4 4 BL BR 0
0 4 BL BR 1
4 2 TL BR 0
0 1 TL TR 1
1 0 TR BL 0
1 1 TR BL 1
4 3 TL BR 0
0 0 TL BL 1
2 2 TR BR 0
1 1 TL TR 1
4 2 TR BR 0
0 5 TL BR 1
2 0 TR BL 0
1 4 TL TR 1
GAMEOVER WINNER 0
# Game ended: Wed Apr 10 16:13:53 EDT 2019
