# Server version 0.08 running on 142.157.98.21:8123
# Game ID: 436
# Board class: pentago_swap.PentagoBoard
# Timeout: 2000
# First Move Timeout: 30000
# Date: Wed Apr 10 15:47:25 EDT 2019
# Player 1: Player-0, 'RandomPlayer', running on 142.157.98.21
# Player 2: Player-1, '260720743', running on 142.157.98.21
START Player-0 RandomPlayer
START Player-1 260720743
3 4 TL TR 0
0 0 TL BL 1
2 0 BL BR 0
0 0 TL BL 1
2 0 TR BR 0
0 0 TL BL 1
5 1 TL BL 0
0 2 TL BL 1
5 5 TL TR 0
0 1 TL TR 1
1 3 BL BR 0
0 1 TL BL 1
0 0 TR BL 0
0 1 TR BL 1
4 5 TL BR 0
0 5 TL BR 1
5 1 TR BL 0
0 2 TR BR 1
GAMEOVER WINNER 1
# Game ended: Wed Apr 10 15:47:25 EDT 2019
