# Server version 0.08 running on 192.168.21.0:8123
# Game ID: 1521
# Board class: pentago_swap.PentagoBoard
# Timeout: 2000
# First Move Timeout: 30000
# Date: Wed Apr 10 20:16:01 EDT 2019
# Player 1: Player-0, '260720743', running on localhost
# Player 2: Player-1, 'RandomPlayer', running on localhost
START Player-0 260720743
START Player-1 RandomPlayer
3 3 TR BR 0
2 5 TL TR 1
2 0 TL TR 0
2 0 TR BL 1
0 1 TL TR 0
3 3 TR BL 1
0 1 TR BR 0
4 3 TR BR 1
0 5 TL BL 0
4 4 TL BR 1
5 4 TL BL 0
0 0 TL BR 1
1 1 TL BL 0
4 3 TL BL 1
0 4 TR BR 0
2 4 BL BR 1
GAMEOVER ILLEGAL MOVE: Player 0, Move: (0, 1), Swap: (TR, BR) WINNER 1
# Game ended: Wed Apr 10 20:16:01 EDT 2019
