# Server version 0.08 running on 142.157.60.108:8123
# Game ID: 1780
# Board class: pentago_swap.PentagoBoard
# Timeout: 2000
# First Move Timeout: 30000
# Date: Thu Apr 11 17:36:56 EDT 2019
# Player 1: Player-0, 'RandomPlayer', running on localhost
# Player 2: Player-1, '260720743', running on localhost
START Player-0 RandomPlayer
START Player-1 260720743
5 0 TR BL 0
0 0 TL TR 1
5 5 TR BR 0
0 0 TL TR 1
3 2 BL BR 0
0 0 TL TR 1
5 4 TL TR 0
0 1 TL TR 1
5 5 TR BR 0
0 1 TL TR 1
5 2 TR BL 0
0 0 TL TR 1
2 0 TR BR 0
0 1 TL TR 1
4 1 TR BL 0
0 2 TL TR 1
1 4 TR BL 0
0 2 TL TR 1
5 1 BL BR 0
0 2 TL TR 1
GAMEOVER WINNER 1
# Game ended: Thu Apr 11 17:36:56 EDT 2019
