# Server version 0.08 running on 192.168.21.0:8123
# Game ID: 1562
# Board class: pentago_swap.PentagoBoard
# Timeout: 2000
# First Move Timeout: 30000
# Date: Wed Apr 10 20:18:28 EDT 2019
# Player 1: Player-0, '260720743', running on localhost
# Player 2: Player-1, 'RandomPlayer', running on localhost
START Player-0 260720743
START Player-1 RandomPlayer
0 0 TL TR 0
4 3 TL BR 1
0 0 TL TR 0
3 3 BL BR 1
0 1 TL TR 0
2 5 TL BL 1
0 1 TL TR 0
3 1 TL BR 1
0 0 TL TR 0
4 1 BL BR 1
0 2 TL TR 0
2 3 TL BR 1
0 2 TL TR 0
4 3 TL BL 1
0 2 TL TR 0
5 3 BL BR 1
1 2 TL TR 0
1 1 TR BL 1
4 3 TL BL 0
4 4 TL BL 1
0 4 TL TR 0
5 5 TR BL 1
2 2 TR BL 0
5 2 TL BL 1
GAMEOVER WINNER 1
# Game ended: Wed Apr 10 20:18:28 EDT 2019
