# Server version 0.08 running on 142.157.98.21:8123
# Game ID: 964
# Board class: pentago_swap.PentagoBoard
# Timeout: 2000
# First Move Timeout: 30000
# Date: Wed Apr 10 17:00:06 EDT 2019
# Player 1: Player-0, 'RandomPlayer', running on localhost
# Player 2: Player-1, '260720743', running on localhost
START Player-0 RandomPlayer
START Player-1 260720743
3 5 TL TR 0
0 0 TL TR 1
3 1 TR BR 0
0 0 TL TR 1
4 0 TR BR 0
1 0 TL BL 1
1 3 TL BL 0
0 0 TL TR 1
0 4 TR BR 0
0 1 TL BL 1
0 0 TR BL 0
5 0 TL BL 1
5 4 TL BR 0
0 5 TL BR 1
5 0 TR BR 0
0 1 TL TR 1
1 3 TR BR 0
1 1 TL TR 1
3 5 TL BR 0
1 1 TL TR 1
1 5 TL BR 0
GAMEOVER WINNER 1
# Game ended: Wed Apr 10 17:00:07 EDT 2019
