# Server version 0.08 running on 142.157.134.208:8123
# Game ID: 96
# Board class: pentago_swap.PentagoBoard
# Timeout: 2000
# First Move Timeout: 30000
# Date: Mon Apr 08 20:17:38 EDT 2019
# Player 1: Player-0, '260720743', running on 142.157.134.208
# Player 2: Player-1, 'Human', running on 142.157.134.208
START Player-0 260720743
START Player-1 Human
0 0 TL TR 0
4 3 BR BL 1
3 3 TR BR 0
4 1 BL BR 1
3 3 TL TR 0
4 5 BR BL 1
5 1 BL BR 0
4 2 BR BL 1
1 5 TL BL 0
2 2 TL TR 1
2 2 BL BR 0
3 5 BR BL 1
0 5 TL TR 0
GAMEOVER USER CANCEL UNDECIDED
# Game ended: Mon Apr 08 20:18:18 EDT 2019
