# Server version 0.08 running on 142.157.98.21:8123
# Game ID: 796
# Board class: pentago_swap.PentagoBoard
# Timeout: 2000
# First Move Timeout: 30000
# Date: Wed Apr 10 16:23:21 EDT 2019
# Player 1: Player-0, 'RandomPlayer', running on localhost
# Player 2: Player-1, '260720743', running on localhost
START Player-0 RandomPlayer
START Player-1 260720743
5 4 TL TR 0
0 0 TL BL 1
0 1 TL BL 0
0 1 TL BL 1
0 0 TL BR 0
4 0 TL TR 1
1 3 BL BR 0
0 0 TL BL 1
1 1 TR BL 0
0 2 BL BR 1
3 5 TL BL 0
0 2 TL BL 1
1 3 BL BR 0
0 4 TR BL 1
1 5 TL TR 0
0 0 TL TR 1
5 2 TR BR 0
1 0 TL TR 1
2 1 TR BR 0
0 4 TL BR 1
1 4 TR BR 0
1 2 TL TR 1
1 2 TL BR 0
2 0 TL BR 1
2 5 BL BR 0
1 1 TL BL 1
GAMEOVER WINNER 1
# Game ended: Wed Apr 10 16:23:21 EDT 2019
