# Server version 0.08 running on 192.168.2.94:8123
# Game ID: 5
# Board class: pentago_swap.PentagoBoard
# Timeout: 2000
# First Move Timeout: 30000
# Date: Mon Apr 08 04:31:18 EDT 2019
# Player 1: Player-0, 'Human', running on 192.168.2.94
# Player 2: Player-1, 'RandomPlayer', running on 192.168.2.94
START Player-0 Human
START Player-1 RandomPlayer
5 4 BL BR 0
0 1 TR BR 1
5 2 BL BR 0
3 1 TL TR 1
5 3 BR BL 0
1 4 BL BR 1
5 2 BR BL 0
3 1 TL BL 1
2 4 BL BR 0
5 4 BL BR 1
2 3 TR TL 0
3 5 TL TR 1
GAMEOVER WINNER 0
# Game ended: Mon Apr 08 04:32:10 EDT 2019
