# Server version 0.08 running on 192.168.20.86:8123
# Game ID: 292
# Board class: pentago_swap.PentagoBoard
# Timeout: 2000
# First Move Timeout: 30000
# Date: Wed Apr 10 05:31:18 EDT 2019
# Starting at move 6
# Player 1: Player-0, '260720743', running on 192.168.20.86
# Player 2: Player-1, 'Human', running on 192.168.20.86
START Player-0 260720743
START Player-1 Human
0 0 TL TR 0
0 0 TL TR 1
0 1 TL TR 0
1 1 TL TR 1
0 2 TL TR 0
2 2 BR TR 1
4 4 TR BL 0
GAMEOVER USER CANCEL UNDECIDED
# Game ended: Wed Apr 10 05:31:26 EDT 2019
