# Server version 0.08 running on 142.157.60.108:8123
# Game ID: 1885
# Board class: pentago_swap.PentagoBoard
# Timeout: 2000
# First Move Timeout: 30000
# Date: Thu Apr 11 19:05:22 EDT 2019
# Player 1: Player-0, '260720743', running on localhost
# Player 2: Player-1, 'RandomPlayer', running on localhost
START Player-0 260720743
START Player-1 RandomPlayer
0 0 TL TR 0
2 4 TR BL 1
0 0 TL TR 0
2 0 TR BR 1
0 0 TL TR 0
5 3 TR BR 1
0 0 TL TR 0
2 5 TL BL 1
0 1 TL TR 0
1 0 TR BL 1
0 1 TL TR 0
4 4 TR BL 1
0 1 TL TR 0
2 4 TL TR 1
0 2 TL TR 0
5 5 TL BR 1
2 5 TL BL 0
3 5 BL BR 1
2 1 TR BR 0
4 5 TL BL 1
5 0 TR BR 0
3 2 TL BR 1
0 1 TL TR 0
GAMEOVER WINNER 0
# Game ended: Thu Apr 11 19:05:22 EDT 2019
