# Server version 0.08 running on 192.168.2.94:8123
# Game ID: 2185
# Board class: pentago_swap.PentagoBoard
# Timeout: 2000
# First Move Timeout: 30000
# Date: Mon Apr 15 00:08:11 EDT 2019
# Player 1: Player-0, '260720743', running on localhost
# Player 2: Player-1, 'RandomPlayer', running on localhost
START Player-0 260720743
START Player-1 RandomPlayer
0 0 TL TR 0
1 4 TL BL 1
0 0 TL TR 0
3 5 TL BR 1
0 0 TL TR 0
2 5 BL BR 1
0 1 TL TR 0
1 1 TL BR 1
0 0 TL TR 0
4 3 TL BR 1
0 1 TL TR 0
4 2 TR BR 1
0 1 TL TR 0
0 5 TR BL 1
0 2 TL TR 0
2 1 TL BR 1
1 2 TL TR 0
GAMEOVER WINNER 0
# Game ended: Mon Apr 15 00:08:11 EDT 2019
