# Server version 0.08 running on 192.168.20.86:8123
# Game ID: 213
# Board class: pentago_swap.PentagoBoard
# Timeout: 2000
# First Move Timeout: 30000
# Date: Tue Apr 09 21:12:02 EDT 2019
# Player 1: Player-0, '260720743', running on 192.168.20.86
# Player 2: Player-1, 'Human', running on 192.168.20.86
START Player-0 260720743
START Player-1 Human
0 0 TL TR 0
3 1 BL BR 1
0 0 TL TR 0
0 2 TL BL 1
0 0 TL TR 0
3 3 BR TL 1
0 2 TL TR 0
0 2 TL TR 1
0 4 TL TR 0
1 2 TL TR 1
1 0 TL TR 0
2 2 TL TR 1
1 1 TL TR 0
4 2 BL BR 1
1 0 TL TR 0
GAMEOVER WINNER 1
# Game ended: Tue Apr 09 21:12:23 EDT 2019
