# Server version 0.08 running on 142.157.134.208:8123
# Game ID: 97
# Board class: pentago_swap.PentagoBoard
# Timeout: 2000
# First Move Timeout: 30000
# Date: Mon Apr 08 20:18:24 EDT 2019
# Player 1: Player-0, 'Human', running on 142.157.134.208
# Player 2: Player-1, '260720743', running on 142.157.134.208
START Player-0 Human
START Player-1 260720743
5 5 BR BL 0
0 0 TL TR 1
5 1 BL BR 0
0 0 TL TR 1
5 3 BR BL 0
2 3 TR BR 1
2 2 TL BR 0
1 0 TL TR 1
4 5 BR TL 0
1 0 BL BR 1
3 2 BR BL 0
4 4 TL BL 1
3 2 BL TL 0
3 0 BL BR 1
4 2 BR BL 0
0 1 TL BL 1
1 2 TL BR 0
0 0 TR BL 1
3 5 TR BL 0
0 1 TR BR 1
3 4 BL BR 0
GAMEOVER WINNER 0
# Game ended: Mon Apr 08 20:19:29 EDT 2019
