# Server version 0.08 running on 142.157.99.94:8123
# Game ID: 12
# Board class: pentago_swap.PentagoBoard
# Timeout: 2000
# First Move Timeout: 30000
# Date: Mon Apr 08 13:03:21 EDT 2019
# Player 1: Player-0, 'Human', running on 142.157.99.94
# Player 2: Player-1, 'RandomPlayer', running on 142.157.99.94
START Player-0 Human
START Player-1 RandomPlayer
3 3 BR TL 0
0 2 TR BR 1
0 3 TR BR 0
3 2 TL TR 1
4 4 BR TL 0
2 1 BL BR 1
2 2 TL BL 0
3 2 TL BL 1
1 4 TR BL 0
5 4 BL BR 1
GAMEOVER WINNER 0
# Game ended: Mon Apr 08 13:04:07 EDT 2019
