# Server version 0.08 running on 142.157.98.21:8123
# Game ID: 1272
# Board class: pentago_swap.PentagoBoard
# Timeout: 2000
# First Move Timeout: 30000
# Date: Wed Apr 10 17:22:01 EDT 2019
# Player 1: Player-0, 'RandomPlayer', running on localhost
# Player 2: Player-1, '260720743', running on localhost
START Player-0 RandomPlayer
START Player-1 260720743
2 5 TL BL 0
0 0 TL TR 1
4 4 BL BR 0
0 0 TL TR 1
0 1 TR BR 0
0 2 TL TR 1
0 0 TR BL 0
0 1 TL TR 1
5 4 TR BL 0
0 0 TL TR 1
5 1 TR BR 0
0 4 TL TR 1
3 4 TL BL 0
0 2 TL TR 1
5 0 BL BR 0
1 0 TL TR 1
4 0 TL BR 0
0 2 TL TR 1
4 2 TL BR 0
GAMEOVER WINNER 1
# Game ended: Wed Apr 10 17:22:01 EDT 2019
