# Server version 0.08 running on 142.157.98.21:8123
# Game ID: 764
# Board class: pentago_swap.PentagoBoard
# Timeout: 2000
# First Move Timeout: 30000
# Date: Wed Apr 10 16:13:58 EDT 2019
# Player 1: Player-0, 'RandomPlayer', running on localhost
# Player 2: Player-1, '260720743', running on localhost
START Player-0 RandomPlayer
START Player-1 260720743
1 4 TL TR 0
0 0 TL BL 1
1 2 BL BR 0
0 0 TL BL 1
4 0 TR BL 0
0 0 TL BL 1
5 5 TL BR 0
0 1 TL BR 1
4 1 TR BL 0
0 1 TR BR 1
2 0 TR BR 0
0 2 TR BR 1
5 5 BL BR 0
0 0 TR BL 1
5 0 BL BR 0
1 0 TR BR 1
GAMEOVER WINNER 1
# Game ended: Wed Apr 10 16:13:58 EDT 2019
