# Server version 0.08 running on 142.157.98.21:8123
# Game ID: 904
# Board class: pentago_swap.PentagoBoard
# Timeout: 2000
# First Move Timeout: 30000
# Date: Wed Apr 10 16:35:37 EDT 2019
# Player 1: Player-0, 'RandomPlayer', running on localhost
# Player 2: Player-1, '260720743', running on localhost
START Player-0 RandomPlayer
START Player-1 260720743
3 1 TL BL 0
0 0 TL BL 1
4 2 TL BL 0
0 2 TL BL 1
5 4 TL TR 0
4 0 TL TR 1
0 4 BL BR 0
0 0 TL BL 1
0 2 TR BR 0
0 1 TR BL 1
2 5 TL BL 0
0 4 TL BL 1
0 0 TL BL 0
0 5 TL BL 1
1 1 TL TR 0
1 0 TL TR 1
2 2 TL BL 0
1 1 TL BL 1
5 4 TL BR 0
0 0 TL TR 1
5 0 TR BR 0
1 1 TL BL 1
2 3 TR BR 0
0 5 TR BR 1
2 1 TL BR 0
1 0 TL BL 1
1 2 TL BR 0
1 3 TL BR 1
5 2 TL BR 0
1 5 TL BR 1
2 0 TL TR 0
2 4 TL TR 1
4 1 TR BL 0
GAMEOVER WINNER 0
# Game ended: Wed Apr 10 16:35:37 EDT 2019
