# Server version 0.08 running on 142.157.98.21:8123
# Game ID: 930
# Board class: pentago_swap.PentagoBoard
# Timeout: 2000
# First Move Timeout: 30000
# Date: Wed Apr 10 16:48:44 EDT 2019
# Player 1: Player-0, '260720743', running on 142.157.98.21
# Player 2: Player-1, 'RandomPlayer', running on 142.157.98.21
START Player-0 260720743
START Player-1 RandomPlayer
2 0 TR BL 0
4 4 BL BR 1
0 1 TR BL 0
3 2 TR BL 1
0 2 TR BL 0
4 4 TR BL 1
0 3 TR BL 0
3 4 TL BL 1
0 1 TL BL 0
2 1 TL BL 1
0 3 TL BL 0
5 2 BL BR 1
0 4 TR BL 0
0 0 TR BR 1
1 0 TR BL 0
1 1 BL BR 1
0 5 TR BL 0
GAMEOVER WINNER 0
# Game ended: Wed Apr 10 16:48:44 EDT 2019
