# Server version 0.08 running on 142.157.98.21:8123
# Game ID: 520
# Board class: pentago_swap.PentagoBoard
# Timeout: 2000
# First Move Timeout: 30000
# Date: Wed Apr 10 15:57:45 EDT 2019
# Player 1: Player-0, 'RandomPlayer', running on localhost
# Player 2: Player-1, '260720743', running on localhost
START Player-0 RandomPlayer
START Player-1 260720743
5 4 TL TR 0
0 0 TL BL 1
1 0 TL BR 0
3 3 BL BR 1
4 3 BL BR 0
0 0 TL TR 1
1 0 TL BR 0
1 3 TL TR 1
4 5 TL BR 0
0 0 TL BR 1
2 3 TL BR 0
0 1 TL BR 1
4 2 TR BL 0
0 1 TL BL 1
4 2 TR BR 0
0 1 TR BL 1
5 3 TL BR 0
0 1 TL TR 1
5 0 TL BR 0
0 2 BL BR 1
GAMEOVER WINNER 1
# Game ended: Wed Apr 10 15:57:45 EDT 2019
