# Server version 0.08 running on 142.157.98.21:8123
# Game ID: 529
# Board class: pentago_swap.PentagoBoard
# Timeout: 2000
# First Move Timeout: 30000
# Date: Wed Apr 10 15:57:57 EDT 2019
# Player 1: Player-0, '260720743', running on localhost
# Player 2: Player-1, 'RandomPlayer', running on localhost
START Player-0 260720743
START Player-1 RandomPlayer
0 0 TL BL 0
2 0 BL BR 1
0 0 TL BL 0
3 2 TR BL 1
0 0 TL BL 0
5 2 TR BL 1
0 1 TR BL 0
3 1 TR BL 1
0 0 TL BL 0
5 2 BL BR 1
0 5 TR BL 0
1 5 TR BR 1
0 5 TR BL 0
1 1 BL BR 1
0 1 BL BR 0
2 4 BL BR 1
1 0 TR BL 0
1 3 TL BL 1
0 4 TL BL 0
1 4 BL BR 1
0 5 TR BL 0
2 4 BL BR 1
1 2 TR BL 0
GAMEOVER WINNER 0
# Game ended: Wed Apr 10 15:57:57 EDT 2019
