# Server version 0.08 running on 142.157.98.21:8123
# Game ID: 1290
# Board class: pentago_swap.PentagoBoard
# Timeout: 2000
# First Move Timeout: 30000
# Date: Wed Apr 10 17:28:21 EDT 2019
# Player 1: Player-0, 'Human', running on 142.157.98.21
# Player 2: Player-1, '260720743', running on 142.157.98.21
START Player-0 Human
START Player-1 260720743
0 1 TR BR 0
0 0 TL TR 1
1 4 TL BL 0
0 0 TL TR 1
2 1 BR BL 0
0 2 TL TR 1
0 1 TL BR 0
0 0 TL TR 1
3 1 TR TL 0
0 1 TL TR 1
4 1 TR TL 0
0 2 TL TR 1
GAMEOVER WINNER 0
# Game ended: Wed Apr 10 17:29:41 EDT 2019
