# Server version 0.08 running on dhcp234253.rez.mcgill.ca:8123
# Game ID: 338
# Board class: pentago_swap.PentagoBoard
# Timeout: 2000
# First Move Timeout: 30000
# Date: Wed Apr 10 13:42:14 EDT 2019
# Player 1: Player-0, '260720743', running on dhcp234253.rez.mcgill.ca
# Player 2: Player-1, 'Human', running on dhcp234253.rez.mcgill.ca
START Player-0 260720743
START Player-1 Human
0 0 TL TR 0
0 4 TR TL 1
0 2 TL TR 0
1 4 TR TL 1
0 3 TL TR 0
2 4 TR TL 1
0 4 TL TR 0
3 4 TL BL 1
0 0 TL TR 0
4 4 TL TR 1
GAMEOVER WINNER 1
# Game ended: Wed Apr 10 13:42:26 EDT 2019
