# Server version 0.08 running on 142.157.98.21:8123
# Game ID: 1073
# Board class: pentago_swap.PentagoBoard
# Timeout: 2000
# First Move Timeout: 30000
# Date: Wed Apr 10 17:04:28 EDT 2019
# Player 1: Player-0, 'RandomPlayer', running on localhost
# Player 2: Player-1, '260720743', running on localhost
START Player-0 RandomPlayer
START Player-1 260720743
5 1 BL BR 0
2 0 TR BL 1
4 0 TR BL 0
0 1 TR BL 1
5 0 TL BR 0
0 0 TL BL 1
1 2 TL BR 0
0 0 TL BR 1
3 1 TL BL 0
0 2 TL BL 1
4 2 TR BR 0
0 0 TR BL 1
5 4 TR BR 0
0 1 TL BL 1
0 5 TL BL 0
0 2 TL BL 1
4 3 TR BL 0
1 0 BL BR 1
1 2 TL TR 0
GAMEOVER WINNER 1
# Game ended: Wed Apr 10 17:04:28 EDT 2019
