# Server version 0.08 running on 142.157.98.21:8123
# Game ID: 547
# Board class: pentago_swap.PentagoBoard
# Timeout: 2000
# First Move Timeout: 30000
# Date: Wed Apr 10 15:58:19 EDT 2019
# Player 1: Player-0, '260720743', running on localhost
# Player 2: Player-1, 'RandomPlayer', running on localhost
START Player-0 260720743
START Player-1 RandomPlayer
0 0 TL BL 0
4 4 TL BL 1
0 1 TL BL 0
4 3 TR BR 1
0 0 TL BR 0
2 1 TL BR 1
0 1 TL BR 0
4 0 TR BR 1
0 1 TR BR 0
3 2 TL BR 1
0 2 TL BR 0
0 4 TL BL 1
0 3 TL BL 0
1 0 BL BR 1
GAMEOVER WINNER 0
# Game ended: Wed Apr 10 15:58:19 EDT 2019
