# Server version 0.08 running on 142.157.99.94:8123
# Game ID: 83
# Board class: pentago_swap.PentagoBoard
# Timeout: 2000
# First Move Timeout: 30000
# Date: Mon Apr 08 19:19:45 EDT 2019
# Player 1: Player-0, '260720743', running on 142.157.99.94
# Player 2: Player-1, '260720743', running on 142.157.99.94
START Player-0 260720743
START Player-1 260720743
2 0 TL TR 0
3 0 BL BR 1
3 5 BR BL 0
0 0 TR BR 1
2 0 TL TR 0
0 0 TR BR 1
5 2 BL TL 0
3 5 BR BL 1
0 1 TL TR 0
5 3 BR TR 1
5 2 BL TL 0
0 5 TR BL 1
0 1 TL TR 0
5 2 BL TL 1
0 1 TL TR 0
1 0 TL TR 1
1 0 TL TR 0
1 1 TL TR 1
1 1 TL TR 0
1 2 TL TR 1
1 2 TL TR 0
2 1 TL TR 1
2 1 TL TR 0
3 0 TL TR 1
3 1 TL TR 0
3 2 TL TR 1
4 0 TL TR 0
GAMEOVER WINNER 0
# Game ended: Mon Apr 08 19:19:45 EDT 2019
