# Server version 0.08 running on 192.168.21.0:8123
# Game ID: 1518
# Board class: pentago_swap.PentagoBoard
# Timeout: 2000
# First Move Timeout: 30000
# Date: Wed Apr 10 20:15:14 EDT 2019
# Player 1: Player-0, '260720743', running on 192.168.21.0
# Player 2: Player-1, 'RandomPlayer', running on 192.168.21.0
START Player-0 260720743
START Player-1 RandomPlayer
3 4 TL TR 0
4 2 TR BR 1
4 5 TR BL 0
3 2 TR BL 1
1 0 TR BL 0
2 4 TR BL 1
2 1 TR BL 0
5 1 TR BR 1
2 5 TR BR 0
1 3 TR BL 1
3 4 TR BL 0
0 1 TL BL 1
4 1 TR BR 0
3 2 TR BR 1
3 3 TL BL 0
2 0 TR BR 1
5 3 TR BR 0
1 4 TR BL 1
2 5 BL BR 0
3 3 TR BR 1
4 1 TL TR 0
0 3 TR BL 1
0 5 TL BR 0
3 5 TL BR 1
0 1 TR BL 0
2 2 TR BL 1
4 5 TL BL 0
2 4 TR BR 1
GAMEOVER WINNER 0
# Game ended: Wed Apr 10 20:15:14 EDT 2019
