# Server version 0.08 running on 142.157.98.21:8123
# Game ID: 439
# Board class: pentago_swap.PentagoBoard
# Timeout: 2000
# First Move Timeout: 30000
# Date: Wed Apr 10 15:47:39 EDT 2019
# Player 1: Player-0, '260720743', running on 142.157.98.21
# Player 2: Player-1, 'RandomPlayer', running on 142.157.98.21
START Player-0 260720743
START Player-1 RandomPlayer
0 0 TL BL 0
3 2 TR BR 1
4 0 TL TR 0
3 3 TL BL 1
0 1 TL BL 0
2 3 TR BL 1
0 0 TL BL 0
2 2 BL BR 1
0 1 TR BL 0
1 5 TL BL 1
0 4 TL BL 0
2 5 TL BL 1
0 5 TL BL 0
1 0 TR BL 1
4 0 TL TR 0
1 4 TL BL 1
0 3 TL BL 0
5 1 TR BR 1
0 4 TR BR 0
2 0 TR BR 1
0 5 TR BR 0
GAMEOVER WINNER 0
# Game ended: Wed Apr 10 15:47:39 EDT 2019
