# Server version 0.08 running on 192.168.21.0:8123
# Game ID: 1527
# Board class: pentago_swap.PentagoBoard
# Timeout: 2000
# First Move Timeout: 30000
# Date: Wed Apr 10 20:16:12 EDT 2019
# Player 1: Player-0, 'RandomPlayer', running on localhost
# Player 2: Player-1, '260720743', running on localhost
START Player-0 RandomPlayer
START Player-1 260720743
0 2 TR BL 0
1 1 TR BL 1
2 5 TL BL 0
4 2 TL BL 1
4 2 TR BL 0
3 4 TR BL 1
5 3 TR BL 0
5 4 TR BL 1
0 3 BL BR 0
4 1 TL TR 1
3 3 TL BR 0
2 0 TL BR 1
1 1 TR BR 0
0 1 TL BL 1
2 4 BL BR 0
2 2 TL TR 1
0 3 TL BL 0
4 3 TR BL 1
0 4 TL BR 0
0 5 TL TR 1
0 5 BL BR 0
2 2 TR BR 1
5 4 TR BL 0
3 2 BL BR 1
2 4 BL BR 0
1 3 BL BR 1
0 4 TR BL 0
2 3 TL BL 1
4 0 TL BL 0
4 3 TL BR 1
4 4 TR BL 0
4 2 TL BR 1
0 3 TR BL 0
GAMEOVER WINNER 1
# Game ended: Wed Apr 10 20:16:12 EDT 2019
