# Server version 0.08 running on 142.157.98.21:8123
# Game ID: 446
# Board class: pentago_swap.PentagoBoard
# Timeout: 2000
# First Move Timeout: 30000
# Date: Wed Apr 10 15:48:35 EDT 2019
# Player 1: Player-0, 'RandomPlayer', running on 142.157.98.21
# Player 2: Player-1, '260720743', running on 142.157.98.21
START Player-0 RandomPlayer
START Player-1 260720743
1 5 TR BL 0
0 0 TL BL 1
2 1 BL BR 0
0 0 TL BL 1
0 4 TR BR 0
0 0 TL BR 1
2 1 TL BR 0
0 1 TL BR 1
1 2 TL TR 0
4 0 TL TR 1
0 4 TL TR 0
0 2 TL TR 1
1 0 TR BR 0
0 0 TL BL 1
5 5 TL TR 0
0 2 TL TR 1
1 5 TR BR 0
0 1 TR BR 1
2 3 TR BL 0
0 2 TR BL 1
GAMEOVER WINNER 1
# Game ended: Wed Apr 10 15:48:35 EDT 2019
