# Server version 0.08 running on dhcp234253.rez.mcgill.ca:8123
# Game ID: 346
# Board class: pentago_swap.PentagoBoard
# Timeout: 2000
# First Move Timeout: 30000
# Date: Wed Apr 10 13:51:24 EDT 2019
# Player 1: Player-0, 'Human', running on dhcp234253.rez.mcgill.ca
# Player 2: Player-1, '260720743', running on dhcp234253.rez.mcgill.ca
START Player-0 Human
START Player-1 260720743
3 0 BL BR 0
0 0 TL TR 1
3 4 BR BL 0
0 0 TL TR 1
3 2 BL BR 0
0 1 TL BR 1
1 2 TR BR 0
0 5 TL BL 1
2 2 TR BR 0
0 0 TL BL 1
2 2 BR TR 0
1 0 TR BL 1
3 4 BL TR 0
1 1 TR BL 1
2 3 BL TR 0
1 3 TR BL 1
4 5 BL TR 0
1 4 TR BL 1
GAMEOVER WINNER 0
# Game ended: Wed Apr 10 13:51:56 EDT 2019
