# Server version 0.08 running on 142.157.98.21:8123
# Game ID: 937
# Board class: pentago_swap.PentagoBoard
# Timeout: 2000
# First Move Timeout: 30000
# Date: Wed Apr 10 16:49:42 EDT 2019
# Player 1: Player-0, '260720743', running on localhost
# Player 2: Player-1, 'RandomPlayer', running on localhost
START Player-0 260720743
START Player-1 RandomPlayer
2 0 TR BL 0
0 1 TR BL 1
0 2 TR BL 0
1 5 TL TR 1
3 0 TL TR 0
1 4 TR BL 1
0 4 TR BL 0
5 3 TR BR 1
4 0 TL TR 0
1 0 BL BR 1
0 0 BL BR 0
1 5 BL BR 1
0 1 BL BR 0
3 4 TR BL 1
0 2 TL BL 0
2 5 TR BL 1
GAMEOVER WINNER 1
# Game ended: Wed Apr 10 16:49:42 EDT 2019
