# Server version 0.08 running on 142.157.98.21:8123
# Game ID: 371
# Board class: pentago_swap.PentagoBoard
# Timeout: 2000
# First Move Timeout: 30000
# Date: Wed Apr 10 15:33:25 EDT 2019
# Player 1: Player-0, 'RandomPlayer', running on 142.157.98.21
# Player 2: Player-1, '260720743', running on 142.157.98.21
START Player-0 RandomPlayer
START Player-1 260720743
1 3 BL BR 0
0 0 TL TR 1
4 4 TR BR 0
0 0 TL TR 1
3 4 TL BR 0
0 2 TL TR 1
5 0 TR BL 0
0 1 TL TR 1
5 1 TL BL 0
0 5 TL TR 1
3 3 TL TR 0
1 0 TL TR 1
2 3 TR BL 0
0 3 TL TR 1
2 3 TL TR 0
4 3 TL TR 1
2 5 TL BR 0
0 1 TL BR 1
2 4 TL BL 0
1 1 TL TR 1
GAMEOVER WINNER 0
# Game ended: Wed Apr 10 15:33:25 EDT 2019
