# Server version 0.08 running on 142.157.99.94:8123
# Game ID: 78
# Board class: pentago_swap.PentagoBoard
# Timeout: 2000
# First Move Timeout: 30000
# Date: Mon Apr 08 19:02:43 EDT 2019
# Player 1: Player-0, '260720743', running on 142.157.99.94
# Player 2: Player-1, 'Human', running on 142.157.99.94
START Player-0 260720743
START Player-1 Human
0 0 TL TR 0
1 4 TR BL 1
0 0 TL TR 0
1 4 TR BR 1
0 0 TL TR 0
5 3 BR BL 1
0 0 TL TR 0
3 5 BR TL 1
0 1 TL TR 0
2 3 TR BR 1
0 1 TL TR 0
3 2 BL TR 1
0 1 TL TR 0
1 2 TL TR 1
0 2 TL TR 0
4 3 BR BL 1
0 1 TL TR 0
GAMEOVER DRAW
# Game ended: Mon Apr 08 19:03:11 EDT 2019
