# Server version 0.08 running on 142.157.60.108:8123
# Game ID: 2140
# Board class: pentago_swap.PentagoBoard
# Timeout: 2000
# First Move Timeout: 30000
# Date: Thu Apr 11 20:15:26 EDT 2019
# Player 1: Player-0, 'RandomPlayer', running on localhost
# Player 2: Player-1, '260720743', running on localhost
START Player-0 RandomPlayer
START Player-1 260720743
5 2 TR BR 0
0 0 TL TR 1
5 5 BL BR 0
0 0 TL TR 1
5 3 TL BR 0
0 0 TL TR 1
3 4 TR BL 0
0 1 TL TR 1
2 1 BL BR 0
0 0 TL TR 1
2 3 TR BL 0
0 2 TL TR 1
4 1 TL BR 0
0 1 TL TR 1
GAMEOVER WINNER 1
# Game ended: Thu Apr 11 20:15:26 EDT 2019
