# Server version 0.08 running on 142.157.99.94:8123
# Game ID: 71
# Board class: pentago_swap.PentagoBoard
# Timeout: 2000
# First Move Timeout: 30000
# Date: Mon Apr 08 18:29:45 EDT 2019
# Player 1: Player-0, '260720743', running on 142.157.99.94
# Player 2: Player-1, 'Human', running on 142.157.99.94
START Player-0 260720743
START Player-1 Human
2 0 TL TR 0
2 2 TL BR 1
3 0 BL BR 0
4 2 BL BR 1
3 5 BR BL 0
4 1 BL BR 1
0 0 TL TR 0
3 4 TR BL 1
2 3 TR TL 0
2 4 TR BL 1
3 0 BL BR 0
2 1 TL TR 1
0 1 TL TR 0
1 1 TL TR 1
0 2 TL TR 0
0 1 TL BR 1
2 3 TR TL 0
1 4 TR BL 1
3 5 BR BL 0
3 4 BR TL 1
GAMEOVER WINNER 1
# Game ended: Mon Apr 08 18:30:22 EDT 2019
