# Server version 0.08 running on 142.157.60.108:8123
# Game ID: 1870
# Board class: pentago_swap.PentagoBoard
# Timeout: 2000
# First Move Timeout: 30000
# Date: Thu Apr 11 19:05:03 EDT 2019
# Player 1: Player-0, 'RandomPlayer', running on localhost
# Player 2: Player-1, '260720743', running on localhost
START Player-0 RandomPlayer
START Player-1 260720743
1 5 TL BR 0
0 0 TL TR 1
3 4 TR BL 0
0 0 TL TR 1
4 2 TR BL 0
0 0 TL TR 1
1 0 TL BR 0
0 0 TL TR 1
5 2 BL BR 0
0 1 TL TR 1
4 3 TL TR 0
0 2 TL TR 1
0 2 BL BR 0
1 0 TL TR 1
3 1 TL BL 0
0 2 TL TR 1
1 2 BL BR 0
1 1 TL TR 1
5 0 TR BR 0
1 1 TL TR 1
2 4 TL TR 0
1 3 TL TR 1
4 1 TL TR 0
1 4 TL TR 1
2 1 TR BR 0
1 2 TL TR 1
2 0 TL BR 0
2 0 TL TR 1
5 2 TL TR 0
2 3 TL TR 1
2 2 BL BR 0
GAMEOVER WINNER 1
# Game ended: Thu Apr 11 19:05:03 EDT 2019
