# Server version 0.08 running on 142.157.98.21:8123
# Game ID: 351
# Board class: pentago_swap.PentagoBoard
# Timeout: 2000
# First Move Timeout: 30000
# Date: Wed Apr 10 14:40:57 EDT 2019
# Player 1: Player-0, '260804391', running on 132.216.233.239
# Player 2: Player-1, '260720743', running on 142.157.98.21
START Player-0 260804391
START Player-1 260720743
0 0 TL TR 0
0 0 TL TR 1
0 1 TL TR 0
0 1 TL TR 1
0 2 TL TR 0
1 0 TL TR 1
2 3 TL TR 0
1 1 TL TR 1
1 2 TL TR 0
1 2 TL TR 1
1 1 TL TR 0
1 3 TL TR 1
2 4 TL TR 0
2 2 TL TR 1
0 5 TL TR 0
3 2 TL BL 1
4 3 TL TR 0
0 4 TL TR 1
1 2 TL TR 0
1 3 TL TR 1
GAMEOVER TIMEOUT WINNER 1
# Game ended: Wed Apr 10 14:41:10 EDT 2019
