# Server version 0.08 running on 142.157.98.21:8123
# Game ID: 681
# Board class: pentago_swap.PentagoBoard
# Timeout: 2000
# First Move Timeout: 30000
# Date: Wed Apr 10 16:08:52 EDT 2019
# Player 1: Player-0, 'RandomPlayer', running on localhost
# Player 2: Player-1, '260720743', running on localhost
START Player-0 RandomPlayer
START Player-1 260720743
4 2 BL BR 0
0 0 TL BL 1
2 2 TL BL 0
0 1 TL BL 1
5 2 TR BR 0
4 0 TL TR 1
4 2 TL BL 0
0 2 TL BL 1
4 4 BL BR 0
0 0 TL BL 1
0 0 TL TR 0
0 1 BL BR 1
0 5 TR BR 0
0 0 TL BR 1
GAMEOVER WINNER 1
# Game ended: Wed Apr 10 16:08:52 EDT 2019
