# Server version 0.08 running on 142.157.98.21:8123
# Game ID: 836
# Board class: pentago_swap.PentagoBoard
# Timeout: 2000
# First Move Timeout: 30000
# Date: Wed Apr 10 16:24:11 EDT 2019
# Player 1: Player-0, 'RandomPlayer', running on localhost
# Player 2: Player-1, '260720743', running on localhost
START Player-0 RandomPlayer
START Player-1 260720743
0 3 BL BR 0
0 0 TL BL 1
1 3 BL BR 0
0 0 TL BL 1
0 5 TR BR 0
0 0 TL BR 1
3 2 TL BR 0
0 1 TL BR 1
4 0 TL BR 0
0 2 TL BR 1
1 2 TL BR 0
0 4 TL BR 1
4 1 TL TR 0
0 2 TL TR 1
4 3 TL TR 0
0 4 TL TR 1
2 3 TR BL 0
GAMEOVER WINNER 1
# Game ended: Wed Apr 10 16:24:12 EDT 2019
