# Server version 0.08 running on 192.168.21.0:8123
# Game ID: 1728
# Board class: pentago_swap.PentagoBoard
# Timeout: 2000
# First Move Timeout: 30000
# Date: Wed Apr 10 21:05:38 EDT 2019
# Player 1: Player-0, 'RandomPlayer', running on localhost
# Player 2: Player-1, '260720743', running on localhost
START Player-0 RandomPlayer
START Player-1 260720743
0 3 TL TR 0
0 1 TL TR 1
5 2 TR BL 0
0 0 TL TR 1
5 4 TL BR 0
0 0 TL TR 1
2 5 TL BR 0
0 0 TL TR 1
5 1 TR BL 0
0 1 TL TR 1
5 4 BL BR 0
0 2 TL TR 1
4 5 TR BR 0
0 2 TL TR 1
3 1 TL BR 0
GAMEOVER WINNER 1
# Game ended: Wed Apr 10 21:05:38 EDT 2019
