# Server version 0.08 running on 192.168.20.86:8123
# Game ID: 248
# Board class: pentago_swap.PentagoBoard
# Timeout: 2000
# First Move Timeout: 30000
# Date: Wed Apr 10 01:36:06 EDT 2019
# Player 1: Player-0, 'Human', running on 192.168.20.86
# Player 2: Player-1, '260720743', running on 192.168.20.86
START Player-0 Human
START Player-1 260720743
1 1 TR BR 0
0 0 TL TR 1
2 4 TL BL 0
0 0 TL TR 1
3 1 TR BR 0
4 1 TR BR 1
2 2 TR BR 0
5 1 TR BR 1
2 3 BR BL 0
0 1 TL TR 1
2 3 TL BL 0
0 0 TL TR 1
2 3 BR BL 0
0 2 TL TR 1
2 2 BR BL 0
0 1 TL TR 1
GAMEOVER WINNER 1
# Game ended: Wed Apr 10 01:36:43 EDT 2019
