# Server version 0.08 running on 142.157.98.21:8123
# Game ID: 480
# Board class: pentago_swap.PentagoBoard
# Timeout: 2000
# First Move Timeout: 30000
# Date: Wed Apr 10 15:56:04 EDT 2019
# Player 1: Player-0, 'RandomPlayer', running on localhost
# Player 2: Player-1, '260720743', running on localhost
START Player-0 RandomPlayer
START Player-1 260720743
3 2 TR BL 0
0 0 TL BL 1
2 5 BL BR 0
0 0 TL BL 1
2 0 TL TR 0
4 0 TL TR 1
4 3 TL TR 0
0 0 TL TR 1
4 5 BL BR 0
0 0 TL BR 1
0 4 TL TR 0
0 4 TL TR 1
1 1 BL BR 0
0 2 TR BL 1
4 1 TL BL 0
0 4 TL BL 1
GAMEOVER WINNER 1
# Game ended: Wed Apr 10 15:56:04 EDT 2019
