# Server version 0.08 running on 192.168.2.94:8123
# Game ID: 2226
# Board class: pentago_swap.PentagoBoard
# Timeout: 2000
# First Move Timeout: 30000
# Date: Mon Apr 15 00:09:09 EDT 2019
# Player 1: Player-0, 'RandomPlayer', running on localhost
# Player 2: Player-1, '260720743', running on localhost
START Player-0 RandomPlayer
START Player-1 260720743
1 1 TR BR 0
0 0 TL TR 1
2 0 TR BR 0
0 0 TL TR 1
5 2 TL BL 0
0 0 TL TR 1
5 3 TL BL 0
0 0 TL TR 1
2 4 TR BL 0
0 1 TL TR 1
0 1 TR BL 0
0 2 TL TR 1
5 4 TL BL 0
0 2 TL TR 1
1 3 BL BR 0
1 0 TL TR 1
4 4 TL TR 0
1 1 TL TR 1
3 2 TR BL 0
0 4 TL TR 1
4 3 BL BR 0
1 0 TL TR 1
GAMEOVER WINNER 1
# Game ended: Mon Apr 15 00:09:09 EDT 2019
