# Server version 0.08 running on 192.168.2.94:8123
# Game ID: 119
# Board class: pentago_swap.PentagoBoard
# Timeout: 2000
# First Move Timeout: 30000
# Date: Mon Apr 08 22:18:33 EDT 2019
# Player 1: Player-0, '260720743', running on 192.168.2.94
# Player 2: Player-1, 'Human', running on 192.168.2.94
START Player-0 260720743
START Player-1 Human
1 1 TL TR 0
5 0 BL BR 1
1 1 TL TR 0
5 4 BR BL 1
4 1 TL TR 0
5 4 BR BL 1
4 1 TL TR 0
5 2 BL BR 1
3 2 TL TR 0
5 3 BR BL 1
GAMEOVER WINNER 1
# Game ended: Mon Apr 08 22:18:42 EDT 2019
