# Server version 0.08 running on 142.157.98.21:8123
# Game ID: 1003
# Board class: pentago_swap.PentagoBoard
# Timeout: 2000
# First Move Timeout: 30000
# Date: Wed Apr 10 17:03:00 EDT 2019
# Player 1: Player-0, 'RandomPlayer', running on localhost
# Player 2: Player-1, '260720743', running on localhost
START Player-0 RandomPlayer
START Player-1 260720743
2 5 TL BR 0
2 0 TR BL 1
4 3 TR BR 0
0 1 TR BL 1
5 0 TL BL 0
0 0 TL BL 1
1 0 TR BR 0
0 0 TL BL 1
4 5 TR BL 0
0 1 TR BL 1
0 3 TR BL 0
0 2 TL BL 1
4 1 TR BR 0
GAMEOVER WINNER 1
# Game ended: Wed Apr 10 17:03:00 EDT 2019
