# Server version 0.08 running on 192.168.21.0:8123
# Game ID: 1342
# Board class: pentago_swap.PentagoBoard
# Timeout: 2000
# First Move Timeout: 30000
# Date: Wed Apr 10 19:14:58 EDT 2019
# Player 1: Player-0, 'RandomPlayer', running on localhost
# Player 2: Player-1, '260720743', running on localhost
START Player-0 RandomPlayer
START Player-1 260720743
3 1 TR BR 0
0 0 TL TR 1
0 0 TL BR 0
0 0 TL TR 1
4 3 TR BL 0
0 1 TL TR 1
0 0 TR BL 0
0 2 TL TR 1
2 1 TR BR 0
0 1 TL TR 1
2 2 BL BR 0
0 1 TL TR 1
5 0 TL BR 0
0 2 TL TR 1
2 1 TL TR 0
0 5 TL TR 1
GAMEOVER WINNER 1
# Game ended: Wed Apr 10 19:14:58 EDT 2019
