# Server version 0.08 running on 142.157.99.94:8123
# Game ID: 151
# Board class: pentago_swap.PentagoBoard
# Timeout: 2000
# First Move Timeout: 30000
# Date: Tue Apr 09 16:55:44 EDT 2019
# Player 1: Player-0, '260720743', running on 142.157.99.94
# Player 2: Player-1, 'Human', running on 142.157.99.94
START Player-0 260720743
START Player-1 Human
0 0 TL TR 0
3 2 BL TR 1
0 0 TL TR 0
5 5 BR BL 1
0 0 TL TR 0
3 2 BL TL 1
0 0 TL TR 0
1 5 BL TL 1
0 1 TL TR 0
4 2 TR BR 1
GAMEOVER WINNER 1
# Game ended: Tue Apr 09 16:56:58 EDT 2019
