# Server version 0.08 running on 142.157.98.21:8123
# Game ID: 957
# Board class: pentago_swap.PentagoBoard
# Timeout: 2000
# First Move Timeout: 30000
# Date: Wed Apr 10 16:55:30 EDT 2019
# Player 1: Player-0, 'RandomPlayer', running on 142.157.98.21
# Player 2: Player-1, '260720743', running on 142.157.98.21
START Player-0 RandomPlayer
START Player-1 260720743
3 3 TL TR 0
0 0 BL BR 1
1 5 BL BR 0
0 1 BL BR 1
2 0 TL BR 0
0 0 TR BR 1
3 3 BL BR 0
0 1 TR BL 1
5 3 TR BL 0
0 2 TR BL 1
1 2 TR BL 0
GAMEOVER WINNER 1
# Game ended: Wed Apr 10 16:55:30 EDT 2019
