# Server version 0.08 running on 192.168.20.86:8123
# Game ID: 260
# Board class: pentago_swap.PentagoBoard
# Timeout: 2000
# First Move Timeout: 30000
# Date: Wed Apr 10 02:44:16 EDT 2019
# Player 1: Player-0, '260720743', running on 192.168.20.86
# Player 2: Player-1, 'Human', running on 192.168.20.86
START Player-0 260720743
START Player-1 Human
0 0 TL TR 0
4 3 BR BL 1
0 0 TL TR 0
4 1 BL BR 1
0 1 TL TR 0
4 5 BR BL 1
4 3 TR TL 0
1 3 TR BR 1
4 4 TR TL 0
GAMEOVER USER CANCEL UNDECIDED
# Game ended: Wed Apr 10 02:44:30 EDT 2019
