# Server version 0.08 running on 142.157.99.94:8123
# Game ID: 74
# Board class: pentago_swap.PentagoBoard
# Timeout: 2000
# First Move Timeout: 30000
# Date: Mon Apr 08 18:41:04 EDT 2019
# Player 1: Player-0, '260720743', running on 142.157.99.94
# Player 2: Player-1, 'Human', running on 142.157.99.94
START Player-0 260720743
START Player-1 Human
2 0 TL TR 0
5 3 BR BL 1
3 0 BL BR 0
4 4 BR BL 1
3 5 BR BL 0
3 4 BR TL 1
3 0 BL BR 0
2 1 TL BL 1
0 0 TL TR 0
1 4 TR TL 1
0 1 TL TR 0
2 2 TL BR 1
2 0 TL TR 0
4 5 BR TL 1
3 5 BR BL 0
GAMEOVER USER CANCEL UNDECIDED
# Game ended: Mon Apr 08 18:41:31 EDT 2019
