# Server version 0.08 running on 142.157.134.208:8123
# Game ID: 100
# Board class: pentago_swap.PentagoBoard
# Timeout: 2000
# First Move Timeout: 30000
# Date: Mon Apr 08 20:23:22 EDT 2019
# Player 1: Player-0, '260720743', running on 142.157.134.208
# Player 2: Player-1, 'Human', running on 142.157.134.208
START Player-0 260720743
START Player-1 Human
0 0 TL TR 0
4 4 BR BL 1
0 0 TL TR 0
4 2 BL BR 1
0 1 TL TR 0
4 3 BR BL 1
0 1 TL TR 0
4 3 BR BL 1
0 2 TL TR 0
4 1 BL BR 1
GAMEOVER WINNER 1
# Game ended: Mon Apr 08 20:23:31 EDT 2019
