# Server version 0.08 running on 142.157.98.21:8123
# Game ID: 872
# Board class: pentago_swap.PentagoBoard
# Timeout: 2000
# First Move Timeout: 30000
# Date: Wed Apr 10 16:24:57 EDT 2019
# Player 1: Player-0, 'RandomPlayer', running on localhost
# Player 2: Player-1, '260720743', running on localhost
START Player-0 RandomPlayer
START Player-1 260720743
1 5 TL BL 0
0 0 TL BL 1
5 4 TR BL 0
0 0 TL BL 1
2 3 TR BL 0
0 0 TL BR 1
2 0 TL BL 0
0 1 TL BL 1
5 5 TL BL 0
0 2 TL BL 1
3 4 BL BR 0
0 0 TR BR 1
0 2 TL TR 0
1 0 TL TR 1
3 5 TL TR 0
0 4 TR BL 1
0 5 TR BR 0
0 4 TR BL 1
GAMEOVER WINNER 1
# Game ended: Wed Apr 10 16:24:57 EDT 2019
