# Server version 0.08 running on 142.157.98.21:8123
# Game ID: 982
# Board class: pentago_swap.PentagoBoard
# Timeout: 2000
# First Move Timeout: 30000
# Date: Wed Apr 10 17:02:27 EDT 2019
# Player 1: Player-0, '260720743', running on localhost
# Player 2: Player-1, 'RandomPlayer', running on localhost
START Player-0 260720743
START Player-1 RandomPlayer
2 0 TR BL 0
5 0 BL BR 1
0 0 TL BR 0
2 2 TR BR 1
0 1 TR BL 0
1 3 TL BR 1
0 0 TL BR 0
3 1 BL BR 1
0 2 TR BL 0
4 5 TR BL 1
0 3 TR BL 0
4 4 TR BL 1
0 4 TR BL 0
2 3 TR BR 1
0 5 TR BL 0
1 2 TL BL 1
0 5 TL BL 0
GAMEOVER WINNER 0
# Game ended: Wed Apr 10 17:02:27 EDT 2019
