# Server version 0.08 running on 142.157.99.94:8123
# Game ID: 66
# Board class: pentago_swap.PentagoBoard
# Timeout: 2000
# First Move Timeout: 30000
# Date: Mon Apr 08 18:28:07 EDT 2019
# Player 1: Player-0, '260720743', running on 142.157.99.94
# Player 2: Player-1, 'RandomPlayer', running on 142.157.99.94
START Player-0 260720743
START Player-1 RandomPlayer
2 0 TL TR 0
0 1 TR BR 1
2 0 TL TR 0
3 2 TL TR 1
3 0 BL BR 0
1 4 BL BR 1
2 3 TR TL 0
3 5 TL BL 1
3 0 BL BR 0
5 4 BL BR 1
0 1 TL TR 0
3 2 TL TR 1
0 3 TL TR 0
1 3 BL BR 1
2 3 TR TL 0
5 1 TR BR 1
0 4 TL TR 0
2 4 TL BR 1
0 2 TL TR 0
4 1 TR BR 1
1 1 TL TR 0
4 0 TL TR 1
1 2 TL TR 0
4 3 TR BR 1
1 0 TL TR 0
4 2 BL BR 1
1 1 TL TR 0
2 2 TR BR 1
0 3 TL TR 0
4 5 TL BL 1
1 5 TL TR 0
2 5 TL TR 1
3 1 TL TR 0
5 4 TL BR 1
2 2 TL TR 0
GAMEOVER WINNER 0
# Game ended: Mon Apr 08 18:28:07 EDT 2019
