# Server version 0.08 running on 192.168.21.0:8123
# Game ID: 1705
# Board class: pentago_swap.PentagoBoard
# Timeout: 2000
# First Move Timeout: 30000
# Date: Wed Apr 10 21:05:09 EDT 2019
# Player 1: Player-0, '260720743', running on localhost
# Player 2: Player-1, 'RandomPlayer', running on localhost
START Player-0 260720743
START Player-1 RandomPlayer
0 0 TL TR 0
4 5 TR BL 1
0 0 TL TR 0
0 1 TR BR 1
0 0 TL TR 0
2 2 TR BL 1
0 0 TL TR 0
2 3 TL TR 1
0 1 TL TR 0
2 4 TR BR 1
0 1 TL TR 0
2 2 TR BR 1
2 1 TR BR 0
0 2 TR BL 1
0 1 TL TR 0
5 0 TL TR 1
0 5 TL TR 0
1 2 TL TR 1
1 0 TL TR 0
2 1 TR BL 1
5 0 TR BR 0
5 4 TR BR 1
0 5 TL TR 0
2 2 TR BL 1
GAMEOVER WINNER 0
# Game ended: Wed Apr 10 21:05:09 EDT 2019
