# Server version 0.08 running on 142.157.98.21:8123
# Game ID: 503
# Board class: pentago_swap.PentagoBoard
# Timeout: 2000
# First Move Timeout: 30000
# Date: Wed Apr 10 15:57:24 EDT 2019
# Player 1: Player-0, '260720743', running on localhost
# Player 2: Player-1, 'RandomPlayer', running on localhost
START Player-0 260720743
START Player-1 RandomPlayer
0 0 TL BL 0
3 3 TR BL 1
0 0 TL BL 0
3 2 TR BR 1
1 3 TR BL 0
2 4 TL TR 1
0 1 TL TR 0
1 1 BL BR 1
0 0 BL BR 0
1 4 TL BR 1
1 0 TR BR 0
0 5 BL BR 1
0 1 TL BL 0
5 1 TL BR 1
0 1 TL BL 0
5 3 TL TR 1
0 1 TL TR 0
4 3 TL BR 1
1 2 TL BR 0
0 2 TR BL 1
0 5 TR BL 0
5 0 TR BL 1
1 4 TL TR 0
2 3 TR BL 1
1 2 TR BL 0
1 4 TL BR 1
GAMEOVER WINNER 1
# Game ended: Wed Apr 10 15:57:24 EDT 2019
