# Server version 0.08 running on dhcp234253.rez.mcgill.ca:8123
# Game ID: 331
# Board class: pentago_swap.PentagoBoard
# Timeout: 2000
# First Move Timeout: 30000
# Date: Wed Apr 10 13:40:10 EDT 2019
# Player 1: Player-0, '260720743', running on dhcp234253.rez.mcgill.ca
# Player 2: Player-1, 'Human', running on dhcp234253.rez.mcgill.ca
START Player-0 260720743
START Player-1 Human
0 0 TL TR 0
3 0 BL BR 1
0 0 TL TR 0
3 2 BL BR 1
0 1 TL TR 0
3 4 BR BL 1
0 1 TL TR 0
3 4 TR TL 1
0 2 TL TR 0
3 5 TR TL 1
GAMEOVER DRAW
# Game ended: Wed Apr 10 13:40:22 EDT 2019
