# Server version 0.08 running on 142.157.98.21:8123
# Game ID: 1111
# Board class: pentago_swap.PentagoBoard
# Timeout: 2000
# First Move Timeout: 30000
# Date: Wed Apr 10 17:10:03 EDT 2019
# Player 1: Player-0, '260720743', running on 142.157.98.21
# Player 2: Player-1, 'RandomPlayer', running on 142.157.98.21
START Player-0 260720743
START Player-1 RandomPlayer
0 0 TL TR 0
3 2 TL BR 1
0 0 TL TR 0
2 2 BL BR 1
0 1 TL TR 0
1 1 TR BR 1
0 1 TL TR 0
0 5 TR BR 1
0 0 TL TR 0
5 2 TL BR 1
0 4 TL TR 0
2 1 TR BR 1
0 5 TL TR 0
GAMEOVER WINNER 0
# Game ended: Wed Apr 10 17:10:03 EDT 2019
