# Server version 0.08 running on 142.157.98.21:8123
# Game ID: 445
# Board class: pentago_swap.PentagoBoard
# Timeout: 2000
# First Move Timeout: 30000
# Date: Wed Apr 10 15:48:30 EDT 2019
# Player 1: Player-0, 'RandomPlayer', running on 142.157.98.21
# Player 2: Player-1, '260720743', running on 142.157.98.21
START Player-0 RandomPlayer
START Player-1 260720743
4 1 TL BL 0
0 0 TL BL 1
3 3 TR BL 0
0 0 TL BL 1
2 4 TR BR 0
1 3 TR BL 1
5 0 TL TR 0
0 1 TL BL 1
4 3 TL TR 0
0 1 BL BR 1
2 4 TR BL 0
0 0 TL BL 1
3 5 TR BL 0
1 3 TL TR 1
4 4 TL BR 0
0 4 TL BL 1
5 0 TL BR 0
0 2 BL BR 1
5 4 BL BR 0
0 5 TR BR 1
4 4 TL BL 0
0 4 TL BL 1
GAMEOVER WINNER 1
# Game ended: Wed Apr 10 15:48:30 EDT 2019
