# Server version 0.08 running on 192.168.21.0:8123
# Game ID: 1530
# Board class: pentago_swap.PentagoBoard
# Timeout: 2000
# First Move Timeout: 30000
# Date: Wed Apr 10 20:16:16 EDT 2019
# Player 1: Player-0, '260720743', running on localhost
# Player 2: Player-1, 'RandomPlayer', running on localhost
START Player-0 260720743
START Player-1 RandomPlayer
2 1 TR BL 0
5 1 TR BL 1
5 5 TL BL 0
0 5 TL BL 1
4 1 TL TR 0
4 2 TL TR 1
1 3 TR BR 0
0 4 TL BL 1
2 0 BL BR 0
0 0 TL TR 1
0 5 TL TR 0
1 5 TR BL 1
3 2 TL BR 0
0 3 TL BR 1
2 3 TR BL 0
1 3 TL BL 1
1 4 TL TR 0
3 3 TR BR 1
1 4 TL BR 0
3 3 TL BR 1
4 5 BL BR 0
3 1 TL TR 1
4 1 TR BL 0
5 5 TL TR 1
5 0 TR BL 0
GAMEOVER WINNER 1
# Game ended: Wed Apr 10 20:16:16 EDT 2019
