# Server version 0.08 running on 142.157.99.94:8123
# Game ID: 80
# Board class: pentago_swap.PentagoBoard
# Timeout: 2000
# First Move Timeout: 30000
# Date: Mon Apr 08 19:08:16 EDT 2019
# Player 1: Player-0, '260720743', running on 142.157.99.94
# Player 2: Player-1, '260720743', running on 142.157.99.94
START Player-0 260720743
START Player-1 260720743
0 0 TL TR 0
0 0 TL TR 1
0 1 TL TR 0
0 1 TL TR 1
0 2 TL TR 0
0 2 TL TR 1
1 0 TL TR 0
1 0 TL TR 1
1 1 TL TR 0
1 1 TL TR 1
1 2 TL TR 0
1 2 TL TR 1
2 0 TL TR 0
2 0 TL TR 1
2 1 TL TR 0
2 1 TL TR 1
2 2 TL TR 0
2 2 TL TR 1
3 0 TL TR 0
3 1 TL TR 1
3 2 TL TR 0
3 3 TL TR 1
3 4 TL TR 0
3 5 TL TR 1
4 0 TL TR 0
4 1 TL TR 1
GAMEOVER WINNER 0
# Game ended: Mon Apr 08 19:08:16 EDT 2019
