# Server version 0.08 running on 142.157.98.21:8123
# Game ID: 1100
# Board class: pentago_swap.PentagoBoard
# Timeout: 2000
# First Move Timeout: 30000
# Date: Wed Apr 10 17:05:09 EDT 2019
# Player 1: Player-0, '260720743', running on localhost
# Player 2: Player-1, 'RandomPlayer', running on localhost
START Player-0 260720743
START Player-1 RandomPlayer
2 0 TR BL 0
3 1 TL BR 1
0 0 TL BR 0
1 4 TR BL 1
0 1 TR BL 0
5 2 TL BL 1
0 0 TL BL 0
0 0 TR BR 1
1 0 TR BL 0
5 1 TR BL 1
0 2 TR BL 0
3 3 TL BR 1
0 1 TL BR 0
1 3 TR BR 1
0 5 BL BR 0
1 3 TL BL 1
0 2 TL BL 0
1 2 TL BR 1
0 1 TL BR 0
5 1 TR BR 1
0 5 TR BL 0
5 5 TR BR 1
1 1 TR BL 0
GAMEOVER WINNER 0
# Game ended: Wed Apr 10 17:05:09 EDT 2019
