# Server version 0.08 running on 142.157.98.21:8123
# Game ID: 945
# Board class: pentago_swap.PentagoBoard
# Timeout: 2000
# First Move Timeout: 30000
# Date: Wed Apr 10 16:49:54 EDT 2019
# Player 1: Player-0, '260720743', running on localhost
# Player 2: Player-1, 'RandomPlayer', running on localhost
START Player-0 260720743
START Player-1 RandomPlayer
2 0 TR BL 0
2 1 BL BR 1
0 1 TR BL 0
5 5 TL TR 1
3 0 TL TR 0
3 5 TR BR 1
0 0 TL BL 0
4 3 TL TR 1
2 0 TL BL 0
5 4 TL BL 1
0 0 TL BR 0
0 4 TL BR 1
0 1 TL BR 0
2 0 TL BR 1
1 0 TR BL 0
5 5 TR BR 1
0 3 TR BR 0
1 1 TR BR 1
0 4 TR BR 0
3 2 TL BR 1
0 2 TL BL 0
GAMEOVER WINNER 0
# Game ended: Wed Apr 10 16:49:54 EDT 2019
