# Server version 0.08 running on 192.168.21.0:8123
# Game ID: 1676
# Board class: pentago_swap.PentagoBoard
# Timeout: 2000
# First Move Timeout: 30000
# Date: Wed Apr 10 21:04:32 EDT 2019
# Player 1: Player-0, 'RandomPlayer', running on localhost
# Player 2: Player-1, '260720743', running on localhost
START Player-0 RandomPlayer
START Player-1 260720743
0 0 TL BL 0
0 0 TL TR 1
2 5 TR BR 0
0 0 TL TR 1
1 0 TR BR 0
0 0 TL TR 1
1 0 BL BR 0
0 1 TL TR 1
4 3 TR BR 0
0 1 TL TR 1
1 2 TL BR 0
0 2 TL TR 1
1 4 TR BL 0
0 2 TL TR 1
5 5 TL TR 0
0 4 TL TR 1
1 5 TL BR 0
GAMEOVER WINNER 1
# Game ended: Wed Apr 10 21:04:32 EDT 2019
