# Server version 0.08 running on 192.168.21.0:8123
# Game ID: 1472
# Board class: pentago_swap.PentagoBoard
# Timeout: 2000
# First Move Timeout: 30000
# Date: Wed Apr 10 19:30:55 EDT 2019
# Player 1: Player-0, '260720743', running on localhost
# Player 2: Player-1, 'RandomPlayer', running on localhost
START Player-0 260720743
START Player-1 RandomPlayer
1 1 TL TR 0
5 5 TL TR 1
1 4 TL TR 0
0 2 TL BL 1
1 1 TL TR 0
3 0 TR BR 1
1 4 TL TR 0
1 5 BL BR 1
3 2 TL TR 0
2 2 TR BL 1
3 2 TL TR 0
5 5 TR BL 1
3 2 TL TR 0
2 5 TL BR 1
3 3 TL TR 0
0 1 TL BL 1
0 0 TL TR 0
1 3 TR BR 1
0 1 TL TR 0
2 1 TL BL 1
0 0 TL TR 0
1 2 TL TR 1
1 0 TL TR 0
2 1 BL BR 1
1 0 TL TR 0
5 3 TR BL 1
GAMEOVER WINNER 1
# Game ended: Wed Apr 10 19:30:55 EDT 2019
