# Server version 0.08 running on 192.168.21.0:8123
# Game ID: 1468
# Board class: pentago_swap.PentagoBoard
# Timeout: 2000
# First Move Timeout: 30000
# Date: Wed Apr 10 19:30:50 EDT 2019
# Player 1: Player-0, '260720743', running on localhost
# Player 2: Player-1, 'RandomPlayer', running on localhost
START Player-0 260720743
START Player-1 RandomPlayer
1 1 TL TR 0
5 4 TR BL 1
1 1 TL TR 0
1 5 TR BL 1
1 1 TL TR 0
1 5 TL BR 1
1 1 TL TR 0
5 5 TR BL 1
3 2 TL TR 0
2 2 TR BR 1
3 3 TL TR 0
5 5 TR BR 1
3 3 TL TR 0
1 3 TR BR 1
3 3 TL TR 0
5 2 BL BR 1
3 2 TL TR 0
4 2 TL TR 1
0 1 TL TR 0
3 4 TL BR 1
0 0 TL TR 0
2 0 TR BR 1
0 2 TL TR 0
2 4 TR BR 1
0 1 TL TR 0
2 0 TR BL 1
0 4 TL TR 0
2 1 TR BL 1
GAMEOVER DRAW
# Game ended: Wed Apr 10 19:30:50 EDT 2019
