# Server version 0.08 running on 142.157.98.21:8123
# Game ID: 1118
# Board class: pentago_swap.PentagoBoard
# Timeout: 2000
# First Move Timeout: 30000
# Date: Wed Apr 10 17:10:29 EDT 2019
# Player 1: Player-0, 'RandomPlayer', running on localhost
# Player 2: Player-1, '260720743', running on localhost
START Player-0 RandomPlayer
START Player-1 260720743
4 1 TR BL 0
0 0 TL TR 1
0 4 TL BL 0
0 0 TL TR 1
2 2 BL BR 0
0 2 TL TR 1
4 5 TR BR 0
0 1 TL TR 1
2 4 BL BR 0
0 0 TL TR 1
4 1 TL BR 0
0 0 TL TR 1
2 3 TL BL 0
0 4 TL TR 1
5 3 TR BL 0
0 2 TL TR 1
5 1 TL BL 0
1 0 TL TR 1
3 5 TL BL 0
GAMEOVER WINNER 1
# Game ended: Wed Apr 10 17:10:29 EDT 2019
