# Server version 0.08 running on 192.168.20.86:8123
# Game ID: 264
# Board class: pentago_swap.PentagoBoard
# Timeout: 2000
# First Move Timeout: 30000
# Date: Wed Apr 10 02:53:25 EDT 2019
# Player 1: Player-0, '260720743', running on 192.168.20.86
# Player 2: Player-1, 'Human', running on 192.168.20.86
START Player-0 260720743
START Player-1 Human
0 0 TL TR 0
1 3 BL BR 1
0 0 TL TR 0
1 1 BR BL 1
0 1 TL TR 0
1 2 BR BL 1
1 5 BR BL 0
2 2 TR BL 1
0 1 TL TR 0
3 5 TL BL 1
4 5 TL BL 0
2 4 BL BR 1
0 0 TL TR 0
2 3 BR BL 1
2 4 BR BL 0
1 3 BR BL 1
2 5 BR BL 0
1 1 BR BL 1
1 4 BR BL 0
1 0 TR BR 1
GAMEOVER WINNER 1
# Game ended: Wed Apr 10 02:55:49 EDT 2019
