# Server version 0.08 running on 142.157.60.108:8123
# Game ID: 1804
# Board class: pentago_swap.PentagoBoard
# Timeout: 2000
# First Move Timeout: 30000
# Date: Thu Apr 11 18:08:33 EDT 2019
# Player 1: Player-0, 'RandomPlayer', running on localhost
# Player 2: Player-1, '260720743', running on localhost
START Player-0 RandomPlayer
START Player-1 260720743
2 4 TL BR 0
0 0 TL TR 1
2 3 TL TR 0
0 1 TL TR 1
5 5 TL BR 0
0 0 TL TR 1
1 4 BL BR 0
0 2 TL TR 1
3 0 BL BR 0
0 1 TL TR 1
GAMEOVER WINNER 1
# Game ended: Thu Apr 11 18:08:33 EDT 2019
