# Server version 0.08 running on 192.168.20.86:8123
# Game ID: 250
# Board class: pentago_swap.PentagoBoard
# Timeout: 2000
# First Move Timeout: 30000
# Date: Wed Apr 10 01:44:33 EDT 2019
# Player 1: Player-0, '260720743', running on 192.168.20.86
# Player 2: Player-1, '260720743', running on 192.168.20.86
START Player-0 260720743
START Player-1 260720743
0 0 TL TR 0
0 0 TL TR 1
0 1 TL TR 0
0 1 TL TR 1
0 2 TL TR 0
0 2 TL TR 1
1 0 TL TR 0
1 0 TL TR 1
1 1 TL TR 0
1 1 TL TR 1
1 2 TL TR 0
1 2 TL TR 1
2 0 TL TR 0
3 3 TL BL 1
0 0 TL TR 0
5 0 TR BR 1
0 4 TL TR 0
4 3 TL BL 1
4 0 TR BR 0
2 3 TL BL 1
2 0 TR BR 0
0 2 TL TR 1
1 4 TL TR 0
1 2 TL TR 1
GAMEOVER WINNER 0
# Game ended: Wed Apr 10 01:44:33 EDT 2019
