# Server version 0.08 running on 142.157.99.94:8123
# Game ID: 63
# Board class: pentago_swap.PentagoBoard
# Timeout: 2000
# First Move Timeout: 30000
# Date: Mon Apr 08 18:19:13 EDT 2019
# Player 1: Player-0, 'Human', running on 142.157.99.94
# Player 2: Player-1, '260720743', running on 142.157.99.94
START Player-0 Human
START Player-1 260720743
5 3 BR BL 0
2 0 TL TR 1
5 1 BL BR 0
3 0 BL BR 1
5 3 BR TR 0
3 0 BL BR 1
5 5 BR BL 0
3 5 BR BL 1
5 2 BL TR 0
3 5 BR BL 1
4 4 BR TL 0
GAMEOVER TIMEOUT WINNER 0
# Game ended: Mon Apr 08 18:20:20 EDT 2019
