# Server version 0.08 running on 142.157.98.21:8123
# Game ID: 669
# Board class: pentago_swap.PentagoBoard
# Timeout: 2000
# First Move Timeout: 30000
# Date: Wed Apr 10 16:03:12 EDT 2019
# Player 1: Player-0, 'RandomPlayer', running on localhost
# Player 2: Player-1, '260720743', running on localhost
START Player-0 RandomPlayer
START Player-1 260720743
1 0 TR BL 0
0 0 TL BL 1
0 0 TR BL 0
0 1 TL BL 1
1 4 BL BR 0
0 0 TL BL 1
3 1 TR BR 0
0 1 BL BR 1
2 3 TL BR 0
0 2 TL BR 1
1 4 TL BR 0
0 5 TL BR 1
2 5 TL BR 0
1 0 TL BR 1
2 4 TR BR 0
0 0 TL TR 1
3 2 BL BR 0
0 5 TL BR 1
0 1 TL BR 0
1 1 TR BL 1
4 1 TR BL 0
1 2 TR BL 1
2 0 TL BL 0
1 0 TL BL 1
5 4 BL BR 0
1 3 TL BR 1
5 5 TR BR 0
1 2 TL TR 1
4 2 TR BL 0
2 1 TR BL 1
2 5 TR BR 0
1 5 TL BR 1
5 2 TL TR 0
GAMEOVER DRAW
# Game ended: Wed Apr 10 16:03:12 EDT 2019
