# Server version 0.08 running on 142.157.98.21:8123
# Game ID: 347
# Board class: pentago_swap.PentagoBoard
# Timeout: 2000
# First Move Timeout: 30000
# Date: Wed Apr 10 14:29:20 EDT 2019
# Player 1: Player-0, '260720743', running on 142.157.98.21
# Player 2: Player-1, '260804391', running on 132.216.233.239
START Player-0 260720743
START Player-1 260804391
0 0 TL TR 0
0 0 TL TR 1
0 1 TL TR 0
0 1 TR BL 1
0 2 TL TR 0
3 2 TL TR 1
0 3 TL TR 0
2 0 TL TR 1
0 4 TL TR 0
2 1 TL TR 1
0 5 TL TR 0
1 1 TL TR 1
1 1 TL BR 0
0 2 TL TR 1
0 3 TL TR 0
1 1 TL BL 1
1 0 TL BL 0
0 1 TL BL 1
1 1 TL TR 0
GAMEOVER WINNER 0
# Game ended: Wed Apr 10 14:29:21 EDT 2019
