# Server version 0.08 running on 142.157.99.94:8123
# Game ID: 154
# Board class: pentago_swap.PentagoBoard
# Timeout: 2000
# First Move Timeout: 30000
# Date: Tue Apr 09 17:11:10 EDT 2019
# Player 1: Player-0, '260720743', running on 142.157.99.94
# Player 2: Player-1, 'Human', running on 142.157.99.94
START Player-0 260720743
START Player-1 Human
0 0 TL TR 0
0 2 TL TR 1
0 1 TL TR 0
1 2 TL TR 1
0 2 TL TR 0
2 2 TL TR 1
0 3 TL TR 0
3 2 BL BR 1
0 1 TL BL 0
4 5 BR TL 1
0 0 TL TR 0
1 4 TR TL 1
0 1 TL BR 0
GAMEOVER USER CANCEL UNDECIDED
# Game ended: Tue Apr 09 17:12:20 EDT 2019
