# Server version 0.08 running on 142.157.98.21:8123
# Game ID: 853
# Board class: pentago_swap.PentagoBoard
# Timeout: 2000
# First Move Timeout: 30000
# Date: Wed Apr 10 16:24:33 EDT 2019
# Player 1: Player-0, '260720743', running on localhost
# Player 2: Player-1, 'RandomPlayer', running on localhost
START Player-0 260720743
START Player-1 RandomPlayer
0 0 TL BL 0
4 0 TL BR 1
0 0 TL TR 0
5 5 TL BL 1
0 1 TL BL 0
0 4 BL BR 1
0 0 TL BL 0
2 5 TL TR 1
1 0 BL BR 0
5 0 TR BL 1
0 2 TL BL 0
4 1 BL BR 1
0 0 TL BR 0
3 5 TL TR 1
4 0 TL TR 0
4 5 TL BR 1
0 1 TL BR 0
5 1 TR BL 1
0 4 TL BL 0
2 1 TL BL 1
0 5 TL BL 0
1 4 TR BL 1
GAMEOVER WINNER 0
# Game ended: Wed Apr 10 16:24:33 EDT 2019
