# Server version 0.08 running on 192.168.20.86:8123
# Game ID: 228
# Board class: pentago_swap.PentagoBoard
# Timeout: 2000
# First Move Timeout: 30000
# Date: Tue Apr 09 23:17:02 EDT 2019
# Starting at move 8
# Player 1: Player-0, '260720743', running on 192.168.20.86
# Player 2: Player-1, 'Human', running on 192.168.20.86
START Player-0 260720743
START Player-1 Human
0 0 TL TR 0
3 4 BR BL 1
0 0 TL TR 0
4 1 BL BR 1
0 1 TL TR 0
5 4 BR BL 1
2 1 TR BR 0
2 4 TR TL 1
GAMEOVER ILLEGAL MOVE: Player 0, Move: (2, 1), Swap: (TR, BR) WINNER 1
# Game ended: Tue Apr 09 23:17:11 EDT 2019
