# Server version 0.08 running on 142.157.98.21:8123
# Game ID: 970
# Board class: pentago_swap.PentagoBoard
# Timeout: 2000
# First Move Timeout: 30000
# Date: Wed Apr 10 17:00:14 EDT 2019
# Player 1: Player-0, 'RandomPlayer', running on localhost
# Player 2: Player-1, '260720743', running on localhost
START Player-0 RandomPlayer
START Player-1 260720743
5 2 TL BR 0
0 0 TL TR 1
4 4 TR BR 0
0 0 TL TR 1
0 1 TR BR 0
0 0 TL TR 1
5 3 TR BR 0
5 0 TL TR 1
3 2 TL BL 0
0 1 TL BL 1
5 5 TR BR 0
0 1 TR BR 1
3 5 TL BL 0
0 4 TL BL 1
0 2 TL BR 0
0 5 TL BR 1
1 1 TR BR 0
1 2 TR BR 1
5 1 TL BR 0
1 0 TL BR 1
2 2 TL BL 0
1 1 TL BL 1
2 1 TL BL 0
1 2 TL BL 1
5 4 TL TR 0
GAMEOVER DRAW
# Game ended: Wed Apr 10 17:00:14 EDT 2019
