# Server version 0.08 running on 192.168.21.0:8123
# Game ID: 1519
# Board class: pentago_swap.PentagoBoard
# Timeout: 2000
# First Move Timeout: 30000
# Date: Wed Apr 10 20:15:18 EDT 2019
# Player 1: Player-0, '260720743', running on 192.168.21.0
# Player 2: Player-1, 'RandomPlayer', running on 192.168.21.0
START Player-0 260720743
START Player-1 RandomPlayer
5 0 BL BR 0
5 1 TL BL 1
3 4 TR BR 0
2 0 TL TR 1
3 3 TL BR 0
5 2 BL BR 1
4 1 BL BR 0
5 0 TL BR 1
0 3 TL BR 0
4 0 TR BL 1
4 5 TL TR 0
2 5 BL BR 1
4 5 TL TR 0
5 2 TL BR 1
1 4 BL BR 0
0 5 TL BR 1
2 4 TR BL 0
2 3 TR BR 1
2 5 BL BR 0
4 1 TR BL 1
1 3 TR BR 0
0 3 TL BR 1
3 5 TR BL 0
1 2 TR BR 1
3 4 TL BL 0
4 4 BL BR 1
4 0 TL TR 0
1 0 TR BL 1
0 5 BR BL 0
GAMEOVER WINNER 0
# Game ended: Wed Apr 10 20:15:18 EDT 2019
