# Server version 0.08 running on 142.157.98.21:8123
# Game ID: 969
# Board class: pentago_swap.PentagoBoard
# Timeout: 2000
# First Move Timeout: 30000
# Date: Wed Apr 10 17:00:13 EDT 2019
# Player 1: Player-0, '260720743', running on localhost
# Player 2: Player-1, 'RandomPlayer', running on localhost
START Player-0 260720743
START Player-1 RandomPlayer
0 0 TL TR 0
2 4 TL BL 1
0 0 TL TR 0
0 4 BL BR 1
0 1 TL TR 0
3 5 BL BR 1
0 2 TL TR 0
5 2 TL BL 1
0 0 TL TR 0
2 0 TL BL 1
0 2 TL TR 0
4 2 TL BR 1
2 0 TL BL 0
3 4 TL BL 1
0 1 TL BL 0
5 3 TR BL 1
0 3 TR BL 0
5 4 TL BR 1
4 0 TL BR 0
2 1 TR BL 1
0 5 TL TR 0
4 3 TL BR 1
GAMEOVER DRAW
# Game ended: Wed Apr 10 17:00:13 EDT 2019
