# Server version 0.08 running on 142.157.98.21:8123
# Game ID: 1090
# Board class: pentago_swap.PentagoBoard
# Timeout: 2000
# First Move Timeout: 30000
# Date: Wed Apr 10 17:04:49 EDT 2019
# Player 1: Player-0, '260720743', running on localhost
# Player 2: Player-1, 'RandomPlayer', running on localhost
START Player-0 260720743
START Player-1 RandomPlayer
2 0 TR BL 0
5 2 TL TR 1
3 0 TL TR 0
4 5 TR BR 1
0 1 TR BL 0
5 2 TL TR 1
3 0 TL TR 0
0 2 BL BR 1
0 4 TR BL 0
1 2 TL TR 1
4 0 TL TR 0
3 2 TR BR 1
0 0 TR BR 0
0 5 TL BR 1
0 1 TL BR 0
4 2 TL BR 1
GAMEOVER WINNER 1
# Game ended: Wed Apr 10 17:04:49 EDT 2019
