# Server version 0.08 running on 192.168.20.86:8123
# Game ID: 266
# Board class: pentago_swap.PentagoBoard
# Timeout: 2000
# First Move Timeout: 30000
# Date: Wed Apr 10 03:04:53 EDT 2019
# Player 1: Player-0, 'Human', running on 192.168.20.86
# Player 2: Player-1, '260720743', running on 192.168.20.86
START Player-0 Human
START Player-1 260720743
1 2 TR BR 0
0 0 TL TR 1
2 5 TL BL 0
0 0 TL TR 1
3 2 TR BR 0
4 2 TR BR 1
2 3 BR BL 0
0 1 TL TR 1
3 0 TR BR 0
0 1 TL TR 1
2 0 BR TL 0
0 2 TL TR 1
4 0 TR BR 0
5 0 TR BR 1
3 1 TR BR 0
1 0 TR BR 1
2 1 TR BR 0
0 2 TL TR 1
2 1 TR BR 0
1 0 TR BR 1
1 1 TR BR 0
0 0 TR BR 1
4 1 TR BR 0
0 1 TL TR 1
GAMEOVER WINNER 1
# Game ended: Wed Apr 10 03:05:35 EDT 2019
