# Server version 0.08 running on 142.157.60.108:8123
# Game ID: 1768
# Board class: pentago_swap.PentagoBoard
# Timeout: 2000
# First Move Timeout: 30000
# Date: Thu Apr 11 17:36:18 EDT 2019
# Player 1: Player-0, 'RandomPlayer', running on localhost
# Player 2: Player-1, '260720743', running on localhost
START Player-0 RandomPlayer
START Player-1 260720743
3 2 TR BR 0
0 0 TL TR 1
2 4 TL BL 0
0 0 TL TR 1
2 2 TL BL 0
0 0 TL TR 1
3 4 TR BR 0
0 1 TL TR 1
0 2 TR BR 0
0 0 TL TR 1
4 4 TL BR 0
1 0 TL TR 1
1 0 TL BL 0
0 1 TL TR 1
4 1 TL BR 0
0 1 TL TR 1
5 3 TR BR 0
GAMEOVER WINNER 0
# Game ended: Thu Apr 11 17:36:18 EDT 2019
