# Server version 0.08 running on 192.168.21.0:8123
# Game ID: 1484
# Board class: pentago_swap.PentagoBoard
# Timeout: 2000
# First Move Timeout: 30000
# Date: Wed Apr 10 19:31:30 EDT 2019
# Player 1: Player-0, '260720743', running on localhost
# Player 2: Player-1, 'RandomPlayer', running on localhost
START Player-0 260720743
START Player-1 RandomPlayer
1 1 TL TR 0
5 1 TR BL 1
1 1 TL TR 0
0 5 TR BL 1
1 1 TL TR 0
3 5 BL BR 1
4 1 TL TR 0
5 3 TL TR 1
0 0 TL TR 0
0 2 TR BR 1
0 0 TL TR 0
2 1 BL BR 1
0 0 TL TR 0
3 1 BL BR 1
0 1 TL TR 0
4 0 TL BR 1
0 2 TL TR 0
2 4 BL BR 1
1 0 TL TR 0
5 3 TR BR 1
0 3 TL TR 0
2 3 TR BL 1
0 1 TL TR 0
5 5 TR BL 1
0 1 TL TR 0
5 3 TL BL 1
1 2 TL TR 0
2 2 TL TR 1
1 3 TL TR 0
4 0 TR BL 1
GAMEOVER WINNER 1
# Game ended: Wed Apr 10 19:31:30 EDT 2019
