# Server version 0.08 running on 192.168.21.0:8123
# Game ID: 1659
# Board class: pentago_swap.PentagoBoard
# Timeout: 2000
# First Move Timeout: 30000
# Date: Wed Apr 10 21:04:11 EDT 2019
# Player 1: Player-0, '260720743', running on localhost
# Player 2: Player-1, 'RandomPlayer', running on localhost
START Player-0 260720743
START Player-1 RandomPlayer
0 0 TL TR 0
5 5 TR BR 1
0 0 TL TR 0
3 0 TL BR 1
0 1 TL TR 0
2 0 TR BR 1
0 1 TL TR 0
4 5 TL BL 1
0 1 TL TR 0
4 0 TR BR 1
0 2 TL TR 0
1 5 TR BR 1
0 2 TL TR 0
2 3 BL BR 1
0 2 TL TR 0
2 4 TL BR 1
GAMEOVER WINNER 0
# Game ended: Wed Apr 10 21:04:11 EDT 2019
